Started GET "/" for 127.0.0.1 at 2018-11-04 22:42:59 -0300
  
ActiveRecord::PendingMigrationError (

Migrations are pending. To resolve this issue, run:

        bin/rails db:migrate RAILS_ENV=development

):
  
activerecord (5.2.1) lib/active_record/migration.rb:579:in `check_pending!'
activerecord (5.2.1) lib/active_record/migration.rb:556:in `call'
actionpack (5.2.1) lib/action_dispatch/middleware/callbacks.rb:28:in `block in call'
activesupport (5.2.1) lib/active_support/callbacks.rb:98:in `run_callbacks'
actionpack (5.2.1) lib/action_dispatch/middleware/callbacks.rb:26:in `call'
actionpack (5.2.1) lib/action_dispatch/middleware/executor.rb:14:in `call'
actionpack (5.2.1) lib/action_dispatch/middleware/debug_exceptions.rb:61:in `call'
web-console (3.7.0) lib/web_console/middleware.rb:135:in `call_app'
web-console (3.7.0) lib/web_console/middleware.rb:30:in `block in call'
web-console (3.7.0) lib/web_console/middleware.rb:20:in `catch'
web-console (3.7.0) lib/web_console/middleware.rb:20:in `call'
actionpack (5.2.1) lib/action_dispatch/middleware/show_exceptions.rb:33:in `call'
railties (5.2.1) lib/rails/rack/logger.rb:38:in `call_app'
railties (5.2.1) lib/rails/rack/logger.rb:26:in `block in call'
activesupport (5.2.1) lib/active_support/tagged_logging.rb:71:in `block in tagged'
activesupport (5.2.1) lib/active_support/tagged_logging.rb:28:in `tagged'
activesupport (5.2.1) lib/active_support/tagged_logging.rb:71:in `tagged'
railties (5.2.1) lib/rails/rack/logger.rb:26:in `call'
sprockets-rails (3.2.1) lib/sprockets/rails/quiet_assets.rb:13:in `call'
actionpack (5.2.1) lib/action_dispatch/middleware/remote_ip.rb:81:in `call'
actionpack (5.2.1) lib/action_dispatch/middleware/request_id.rb:27:in `call'
rack (2.0.5) lib/rack/method_override.rb:22:in `call'
rack (2.0.5) lib/rack/runtime.rb:22:in `call'
activesupport (5.2.1) lib/active_support/cache/strategy/local_cache_middleware.rb:29:in `call'
actionpack (5.2.1) lib/action_dispatch/middleware/executor.rb:14:in `call'
actionpack (5.2.1) lib/action_dispatch/middleware/static.rb:127:in `call'
rack (2.0.5) lib/rack/sendfile.rb:111:in `call'
railties (5.2.1) lib/rails/engine.rb:524:in `call'
puma (3.12.0) lib/puma/configuration.rb:225:in `call'
puma (3.12.0) lib/puma/server.rb:658:in `handle_request'
puma (3.12.0) lib/puma/server.rb:472:in `process_client'
puma (3.12.0) lib/puma/server.rb:332:in `block in run'
puma (3.12.0) lib/puma/thread_pool.rb:133:in `block in spawn_thread'
  [1m[35m (0.1ms)[0m  [1m[34mSELECT sqlite_version(*)[0m
  ↳ /Users/gali/.rbenv/versions/2.5.1/bin/rake:23
  [1m[35m (2.3ms)[0m  [1m[35mCREATE TABLE "schema_migrations" ("version" varchar NOT NULL PRIMARY KEY)[0m
  ↳ /Users/gali/.rbenv/versions/2.5.1/bin/rake:23
  [1m[35m (1.0ms)[0m  [1m[35mCREATE TABLE "ar_internal_metadata" ("key" varchar NOT NULL PRIMARY KEY, "value" varchar, "created_at" datetime NOT NULL, "updated_at" datetime NOT NULL)[0m
  ↳ /Users/gali/.rbenv/versions/2.5.1/bin/rake:23
  [1m[35m (0.2ms)[0m  [1m[34mSELECT "schema_migrations"."version" FROM "schema_migrations" ORDER BY "schema_migrations"."version" ASC[0m
  ↳ /Users/gali/.rbenv/versions/2.5.1/bin/rake:23
Migrating to CreateResidences (20181105010431)
  [1m[35m (0.1ms)[0m  [1m[36mbegin transaction[0m
  ↳ /Users/gali/.rbenv/versions/2.5.1/bin/rake:23
  [1m[35m (0.6ms)[0m  [1m[35mCREATE TABLE "residences" ("id" integer PRIMARY KEY AUTOINCREMENT NOT NULL, "name" varchar, "desc" varchar, "location" varchar, "created_at" datetime NOT NULL, "updated_at" datetime NOT NULL)[0m
  ↳ db/migrate/20181105010431_create_residences.rb:3
  [1m[36mActiveRecord::SchemaMigration Create (0.2ms)[0m  [1m[32mINSERT INTO "schema_migrations" ("version") VALUES (?)[0m  [["version", "20181105010431"]]
  ↳ /Users/gali/.rbenv/versions/2.5.1/bin/rake:23
  [1m[35m (0.9ms)[0m  [1m[36mcommit transaction[0m
  ↳ /Users/gali/.rbenv/versions/2.5.1/bin/rake:23
  [1m[36mActiveRecord::InternalMetadata Load (0.1ms)[0m  [1m[34mSELECT  "ar_internal_metadata".* FROM "ar_internal_metadata" WHERE "ar_internal_metadata"."key" = ? LIMIT ?[0m  [["key", "environment"], ["LIMIT", 1]]
  ↳ /Users/gali/.rbenv/versions/2.5.1/bin/rake:23
  [1m[35m (0.0ms)[0m  [1m[36mbegin transaction[0m
  ↳ /Users/gali/.rbenv/versions/2.5.1/bin/rake:23
  [1m[36mActiveRecord::InternalMetadata Create (0.3ms)[0m  [1m[32mINSERT INTO "ar_internal_metadata" ("key", "value", "created_at", "updated_at") VALUES (?, ?, ?, ?)[0m  [["key", "environment"], ["value", "development"], ["created_at", "2018-11-05 01:43:44.992780"], ["updated_at", "2018-11-05 01:43:44.992780"]]
  ↳ /Users/gali/.rbenv/versions/2.5.1/bin/rake:23
  [1m[35m (0.6ms)[0m  [1m[36mcommit transaction[0m
  ↳ /Users/gali/.rbenv/versions/2.5.1/bin/rake:23
  [1m[35m (0.1ms)[0m  [1m[34mSELECT "schema_migrations"."version" FROM "schema_migrations" ORDER BY "schema_migrations"."version" ASC[0m
  ↳ /Users/gali/.rbenv/versions/2.5.1/bin/rake:23
Started GET "/" for 127.0.0.1 at 2018-11-04 22:43:50 -0300
  [1m[35m (0.1ms)[0m  [1m[34mSELECT "schema_migrations"."version" FROM "schema_migrations" ORDER BY "schema_migrations"."version" ASC[0m
  ↳ /Users/gali/.rbenv/versions/2.5.1/lib/ruby/gems/2.5.0/gems/activerecord-5.2.1/lib/active_record/log_subscriber.rb:98
Processing by Rails::WelcomeController#index as HTML
  Rendering /Users/gali/.rbenv/versions/2.5.1/lib/ruby/gems/2.5.0/gems/railties-5.2.1/lib/rails/templates/rails/welcome/index.html.erb
  Rendered /Users/gali/.rbenv/versions/2.5.1/lib/ruby/gems/2.5.0/gems/railties-5.2.1/lib/rails/templates/rails/welcome/index.html.erb (2.1ms)
Completed 200 OK in 20ms (Views: 6.4ms | ActiveRecord: 0.0ms)


Started GET "/residence/create" for 127.0.0.1 at 2018-11-04 22:44:01 -0300
  
AbstractController::ActionNotFound (The action 'show' could not be found for ResidenceController):
  
actionpack (5.2.1) lib/abstract_controller/base.rb:129:in `process'
actionview (5.2.1) lib/action_view/rendering.rb:32:in `process'
actionpack (5.2.1) lib/action_controller/metal.rb:191:in `dispatch'
actionpack (5.2.1) lib/action_controller/metal.rb:252:in `dispatch'
actionpack (5.2.1) lib/action_dispatch/routing/route_set.rb:52:in `dispatch'
actionpack (5.2.1) lib/action_dispatch/routing/route_set.rb:34:in `serve'
actionpack (5.2.1) lib/action_dispatch/journey/router.rb:52:in `block in serve'
actionpack (5.2.1) lib/action_dispatch/journey/router.rb:35:in `each'
actionpack (5.2.1) lib/action_dispatch/journey/router.rb:35:in `serve'
actionpack (5.2.1) lib/action_dispatch/routing/route_set.rb:840:in `call'
rack (2.0.5) lib/rack/tempfile_reaper.rb:15:in `call'
rack (2.0.5) lib/rack/etag.rb:25:in `call'
rack (2.0.5) lib/rack/conditional_get.rb:25:in `call'
rack (2.0.5) lib/rack/head.rb:12:in `call'
actionpack (5.2.1) lib/action_dispatch/http/content_security_policy.rb:18:in `call'
rack (2.0.5) lib/rack/session/abstract/id.rb:232:in `context'
rack (2.0.5) lib/rack/session/abstract/id.rb:226:in `call'
actionpack (5.2.1) lib/action_dispatch/middleware/cookies.rb:670:in `call'
activerecord (5.2.1) lib/active_record/migration.rb:559:in `call'
actionpack (5.2.1) lib/action_dispatch/middleware/callbacks.rb:28:in `block in call'
activesupport (5.2.1) lib/active_support/callbacks.rb:98:in `run_callbacks'
actionpack (5.2.1) lib/action_dispatch/middleware/callbacks.rb:26:in `call'
actionpack (5.2.1) lib/action_dispatch/middleware/executor.rb:14:in `call'
actionpack (5.2.1) lib/action_dispatch/middleware/debug_exceptions.rb:61:in `call'
web-console (3.7.0) lib/web_console/middleware.rb:135:in `call_app'
web-console (3.7.0) lib/web_console/middleware.rb:30:in `block in call'
web-console (3.7.0) lib/web_console/middleware.rb:20:in `catch'
web-console (3.7.0) lib/web_console/middleware.rb:20:in `call'
actionpack (5.2.1) lib/action_dispatch/middleware/show_exceptions.rb:33:in `call'
railties (5.2.1) lib/rails/rack/logger.rb:38:in `call_app'
railties (5.2.1) lib/rails/rack/logger.rb:26:in `block in call'
activesupport (5.2.1) lib/active_support/tagged_logging.rb:71:in `block in tagged'
activesupport (5.2.1) lib/active_support/tagged_logging.rb:28:in `tagged'
activesupport (5.2.1) lib/active_support/tagged_logging.rb:71:in `tagged'
railties (5.2.1) lib/rails/rack/logger.rb:26:in `call'
sprockets-rails (3.2.1) lib/sprockets/rails/quiet_assets.rb:13:in `call'
actionpack (5.2.1) lib/action_dispatch/middleware/remote_ip.rb:81:in `call'
actionpack (5.2.1) lib/action_dispatch/middleware/request_id.rb:27:in `call'
rack (2.0.5) lib/rack/method_override.rb:22:in `call'
rack (2.0.5) lib/rack/runtime.rb:22:in `call'
activesupport (5.2.1) lib/active_support/cache/strategy/local_cache_middleware.rb:29:in `call'
actionpack (5.2.1) lib/action_dispatch/middleware/executor.rb:14:in `call'
actionpack (5.2.1) lib/action_dispatch/middleware/static.rb:127:in `call'
rack (2.0.5) lib/rack/sendfile.rb:111:in `call'
railties (5.2.1) lib/rails/engine.rb:524:in `call'
puma (3.12.0) lib/puma/configuration.rb:225:in `call'
puma (3.12.0) lib/puma/server.rb:658:in `handle_request'
puma (3.12.0) lib/puma/server.rb:472:in `process_client'
puma (3.12.0) lib/puma/server.rb:332:in `block in run'
puma (3.12.0) lib/puma/thread_pool.rb:133:in `block in spawn_thread'
Started GET "/residence/create" for 127.0.0.1 at 2018-11-04 22:46:16 -0300
  
SyntaxError (/Users/gali/Desktop/is/IngSoft/ecorp/app/controllers/residence_controller.rb:14: syntax error, unexpected keyword_end
  end
  ^~~
/Users/gali/Desktop/is/IngSoft/ecorp/app/controllers/residence_controller.rb:18: syntax error, unexpected end-of-input, expecting keyword_end):
  
app/controllers/residence_controller.rb:14: syntax error, unexpected keyword_end
app/controllers/residence_controller.rb:18: syntax error, unexpected end-of-input, expecting keyword_end
Started GET "/residence/create" for 127.0.0.1 at 2018-11-04 22:46:37 -0300
Processing by ResidenceController#show as HTML
  Parameters: {"id"=>"create"}
Completed 406 Not Acceptable in 125ms (ActiveRecord: 0.0ms)


  
ActionController::UnknownFormat (ResidenceController#show is missing a template for this request format and variant.

request.formats: ["text/html"]
request.variant: []

NOTE! For XHR/Ajax or API requests, this action would normally respond with 204 No Content: an empty white screen. Since you're loading it in a web browser, we assume that you expected to actually render a template, not nothing, so we're showing an error to be extra-clear. If you expect 204 No Content, carry on. That's what you'll get from an XHR or API request. Give it a shot.):
  
actionpack (5.2.1) lib/action_controller/metal/implicit_render.rb:55:in `default_render'
actionpack (5.2.1) lib/action_controller/metal/basic_implicit_render.rb:6:in `block in send_action'
actionpack (5.2.1) lib/action_controller/metal/basic_implicit_render.rb:6:in `tap'
actionpack (5.2.1) lib/action_controller/metal/basic_implicit_render.rb:6:in `send_action'
actionpack (5.2.1) lib/abstract_controller/base.rb:194:in `process_action'
actionpack (5.2.1) lib/action_controller/metal/rendering.rb:30:in `process_action'
actionpack (5.2.1) lib/abstract_controller/callbacks.rb:42:in `block in process_action'
activesupport (5.2.1) lib/active_support/callbacks.rb:132:in `run_callbacks'
actionpack (5.2.1) lib/abstract_controller/callbacks.rb:41:in `process_action'
actionpack (5.2.1) lib/action_controller/metal/rescue.rb:22:in `process_action'
actionpack (5.2.1) lib/action_controller/metal/instrumentation.rb:34:in `block in process_action'
activesupport (5.2.1) lib/active_support/notifications.rb:168:in `block in instrument'
activesupport (5.2.1) lib/active_support/notifications/instrumenter.rb:23:in `instrument'
activesupport (5.2.1) lib/active_support/notifications.rb:168:in `instrument'
actionpack (5.2.1) lib/action_controller/metal/instrumentation.rb:32:in `process_action'
actionpack (5.2.1) lib/action_controller/metal/params_wrapper.rb:256:in `process_action'
activerecord (5.2.1) lib/active_record/railties/controller_runtime.rb:24:in `process_action'
actionpack (5.2.1) lib/abstract_controller/base.rb:134:in `process'
actionview (5.2.1) lib/action_view/rendering.rb:32:in `process'
actionpack (5.2.1) lib/action_controller/metal.rb:191:in `dispatch'
actionpack (5.2.1) lib/action_controller/metal.rb:252:in `dispatch'
actionpack (5.2.1) lib/action_dispatch/routing/route_set.rb:52:in `dispatch'
actionpack (5.2.1) lib/action_dispatch/routing/route_set.rb:34:in `serve'
actionpack (5.2.1) lib/action_dispatch/journey/router.rb:52:in `block in serve'
actionpack (5.2.1) lib/action_dispatch/journey/router.rb:35:in `each'
actionpack (5.2.1) lib/action_dispatch/journey/router.rb:35:in `serve'
actionpack (5.2.1) lib/action_dispatch/routing/route_set.rb:840:in `call'
rack (2.0.5) lib/rack/tempfile_reaper.rb:15:in `call'
rack (2.0.5) lib/rack/etag.rb:25:in `call'
rack (2.0.5) lib/rack/conditional_get.rb:25:in `call'
rack (2.0.5) lib/rack/head.rb:12:in `call'
actionpack (5.2.1) lib/action_dispatch/http/content_security_policy.rb:18:in `call'
rack (2.0.5) lib/rack/session/abstract/id.rb:232:in `context'
rack (2.0.5) lib/rack/session/abstract/id.rb:226:in `call'
actionpack (5.2.1) lib/action_dispatch/middleware/cookies.rb:670:in `call'
activerecord (5.2.1) lib/active_record/migration.rb:559:in `call'
actionpack (5.2.1) lib/action_dispatch/middleware/callbacks.rb:28:in `block in call'
activesupport (5.2.1) lib/active_support/callbacks.rb:98:in `run_callbacks'
actionpack (5.2.1) lib/action_dispatch/middleware/callbacks.rb:26:in `call'
actionpack (5.2.1) lib/action_dispatch/middleware/executor.rb:14:in `call'
actionpack (5.2.1) lib/action_dispatch/middleware/debug_exceptions.rb:61:in `call'
web-console (3.7.0) lib/web_console/middleware.rb:135:in `call_app'
web-console (3.7.0) lib/web_console/middleware.rb:30:in `block in call'
web-console (3.7.0) lib/web_console/middleware.rb:20:in `catch'
web-console (3.7.0) lib/web_console/middleware.rb:20:in `call'
actionpack (5.2.1) lib/action_dispatch/middleware/show_exceptions.rb:33:in `call'
railties (5.2.1) lib/rails/rack/logger.rb:38:in `call_app'
railties (5.2.1) lib/rails/rack/logger.rb:26:in `block in call'
activesupport (5.2.1) lib/active_support/tagged_logging.rb:71:in `block in tagged'
activesupport (5.2.1) lib/active_support/tagged_logging.rb:28:in `tagged'
activesupport (5.2.1) lib/active_support/tagged_logging.rb:71:in `tagged'
railties (5.2.1) lib/rails/rack/logger.rb:26:in `call'
sprockets-rails (3.2.1) lib/sprockets/rails/quiet_assets.rb:13:in `call'
actionpack (5.2.1) lib/action_dispatch/middleware/remote_ip.rb:81:in `call'
actionpack (5.2.1) lib/action_dispatch/middleware/request_id.rb:27:in `call'
rack (2.0.5) lib/rack/method_override.rb:22:in `call'
rack (2.0.5) lib/rack/runtime.rb:22:in `call'
activesupport (5.2.1) lib/active_support/cache/strategy/local_cache_middleware.rb:29:in `call'
actionpack (5.2.1) lib/action_dispatch/middleware/executor.rb:14:in `call'
actionpack (5.2.1) lib/action_dispatch/middleware/static.rb:127:in `call'
rack (2.0.5) lib/rack/sendfile.rb:111:in `call'
railties (5.2.1) lib/rails/engine.rb:524:in `call'
puma (3.12.0) lib/puma/configuration.rb:225:in `call'
puma (3.12.0) lib/puma/server.rb:658:in `handle_request'
puma (3.12.0) lib/puma/server.rb:472:in `process_client'
puma (3.12.0) lib/puma/server.rb:332:in `block in run'
puma (3.12.0) lib/puma/thread_pool.rb:133:in `block in spawn_thread'
Started GET "/residence/create" for 127.0.0.1 at 2018-11-04 22:48:04 -0300
Processing by ResidenceController#show as HTML
  Parameters: {"id"=>"create"}
Completed 406 Not Acceptable in 121ms (ActiveRecord: 0.0ms)


  
ActionController::UnknownFormat (ResidenceController#show is missing a template for this request format and variant.

request.formats: ["text/html"]
request.variant: []

NOTE! For XHR/Ajax or API requests, this action would normally respond with 204 No Content: an empty white screen. Since you're loading it in a web browser, we assume that you expected to actually render a template, not nothing, so we're showing an error to be extra-clear. If you expect 204 No Content, carry on. That's what you'll get from an XHR or API request. Give it a shot.):
  
actionpack (5.2.1) lib/action_controller/metal/implicit_render.rb:55:in `default_render'
actionpack (5.2.1) lib/action_controller/metal/basic_implicit_render.rb:6:in `block in send_action'
actionpack (5.2.1) lib/action_controller/metal/basic_implicit_render.rb:6:in `tap'
actionpack (5.2.1) lib/action_controller/metal/basic_implicit_render.rb:6:in `send_action'
actionpack (5.2.1) lib/abstract_controller/base.rb:194:in `process_action'
actionpack (5.2.1) lib/action_controller/metal/rendering.rb:30:in `process_action'
actionpack (5.2.1) lib/abstract_controller/callbacks.rb:42:in `block in process_action'
activesupport (5.2.1) lib/active_support/callbacks.rb:132:in `run_callbacks'
actionpack (5.2.1) lib/abstract_controller/callbacks.rb:41:in `process_action'
actionpack (5.2.1) lib/action_controller/metal/rescue.rb:22:in `process_action'
actionpack (5.2.1) lib/action_controller/metal/instrumentation.rb:34:in `block in process_action'
activesupport (5.2.1) lib/active_support/notifications.rb:168:in `block in instrument'
activesupport (5.2.1) lib/active_support/notifications/instrumenter.rb:23:in `instrument'
activesupport (5.2.1) lib/active_support/notifications.rb:168:in `instrument'
actionpack (5.2.1) lib/action_controller/metal/instrumentation.rb:32:in `process_action'
actionpack (5.2.1) lib/action_controller/metal/params_wrapper.rb:256:in `process_action'
activerecord (5.2.1) lib/active_record/railties/controller_runtime.rb:24:in `process_action'
actionpack (5.2.1) lib/abstract_controller/base.rb:134:in `process'
actionview (5.2.1) lib/action_view/rendering.rb:32:in `process'
actionpack (5.2.1) lib/action_controller/metal.rb:191:in `dispatch'
actionpack (5.2.1) lib/action_controller/metal.rb:252:in `dispatch'
actionpack (5.2.1) lib/action_dispatch/routing/route_set.rb:52:in `dispatch'
actionpack (5.2.1) lib/action_dispatch/routing/route_set.rb:34:in `serve'
actionpack (5.2.1) lib/action_dispatch/journey/router.rb:52:in `block in serve'
actionpack (5.2.1) lib/action_dispatch/journey/router.rb:35:in `each'
actionpack (5.2.1) lib/action_dispatch/journey/router.rb:35:in `serve'
actionpack (5.2.1) lib/action_dispatch/routing/route_set.rb:840:in `call'
rack (2.0.5) lib/rack/tempfile_reaper.rb:15:in `call'
rack (2.0.5) lib/rack/etag.rb:25:in `call'
rack (2.0.5) lib/rack/conditional_get.rb:25:in `call'
rack (2.0.5) lib/rack/head.rb:12:in `call'
actionpack (5.2.1) lib/action_dispatch/http/content_security_policy.rb:18:in `call'
rack (2.0.5) lib/rack/session/abstract/id.rb:232:in `context'
rack (2.0.5) lib/rack/session/abstract/id.rb:226:in `call'
actionpack (5.2.1) lib/action_dispatch/middleware/cookies.rb:670:in `call'
activerecord (5.2.1) lib/active_record/migration.rb:559:in `call'
actionpack (5.2.1) lib/action_dispatch/middleware/callbacks.rb:28:in `block in call'
activesupport (5.2.1) lib/active_support/callbacks.rb:98:in `run_callbacks'
actionpack (5.2.1) lib/action_dispatch/middleware/callbacks.rb:26:in `call'
actionpack (5.2.1) lib/action_dispatch/middleware/executor.rb:14:in `call'
actionpack (5.2.1) lib/action_dispatch/middleware/debug_exceptions.rb:61:in `call'
web-console (3.7.0) lib/web_console/middleware.rb:135:in `call_app'
web-console (3.7.0) lib/web_console/middleware.rb:30:in `block in call'
web-console (3.7.0) lib/web_console/middleware.rb:20:in `catch'
web-console (3.7.0) lib/web_console/middleware.rb:20:in `call'
actionpack (5.2.1) lib/action_dispatch/middleware/show_exceptions.rb:33:in `call'
railties (5.2.1) lib/rails/rack/logger.rb:38:in `call_app'
railties (5.2.1) lib/rails/rack/logger.rb:26:in `block in call'
activesupport (5.2.1) lib/active_support/tagged_logging.rb:71:in `block in tagged'
activesupport (5.2.1) lib/active_support/tagged_logging.rb:28:in `tagged'
activesupport (5.2.1) lib/active_support/tagged_logging.rb:71:in `tagged'
railties (5.2.1) lib/rails/rack/logger.rb:26:in `call'
sprockets-rails (3.2.1) lib/sprockets/rails/quiet_assets.rb:13:in `call'
actionpack (5.2.1) lib/action_dispatch/middleware/remote_ip.rb:81:in `call'
actionpack (5.2.1) lib/action_dispatch/middleware/request_id.rb:27:in `call'
rack (2.0.5) lib/rack/method_override.rb:22:in `call'
rack (2.0.5) lib/rack/runtime.rb:22:in `call'
activesupport (5.2.1) lib/active_support/cache/strategy/local_cache_middleware.rb:29:in `call'
actionpack (5.2.1) lib/action_dispatch/middleware/executor.rb:14:in `call'
actionpack (5.2.1) lib/action_dispatch/middleware/static.rb:127:in `call'
rack (2.0.5) lib/rack/sendfile.rb:111:in `call'
railties (5.2.1) lib/rails/engine.rb:524:in `call'
puma (3.12.0) lib/puma/configuration.rb:225:in `call'
puma (3.12.0) lib/puma/server.rb:658:in `handle_request'
puma (3.12.0) lib/puma/server.rb:472:in `process_client'
puma (3.12.0) lib/puma/server.rb:332:in `block in run'
puma (3.12.0) lib/puma/thread_pool.rb:133:in `block in spawn_thread'
Started GET "/residence/create" for 127.0.0.1 at 2018-11-04 22:50:10 -0300
Processing by ResidenceController#show as HTML
  Parameters: {"id"=>"create"}
Completed 406 Not Acceptable in 129ms (ActiveRecord: 0.0ms)


  
ActionController::UnknownFormat (ResidenceController#show is missing a template for this request format and variant.

request.formats: ["text/html"]
request.variant: []

NOTE! For XHR/Ajax or API requests, this action would normally respond with 204 No Content: an empty white screen. Since you're loading it in a web browser, we assume that you expected to actually render a template, not nothing, so we're showing an error to be extra-clear. If you expect 204 No Content, carry on. That's what you'll get from an XHR or API request. Give it a shot.):
  
actionpack (5.2.1) lib/action_controller/metal/implicit_render.rb:55:in `default_render'
actionpack (5.2.1) lib/action_controller/metal/basic_implicit_render.rb:6:in `block in send_action'
actionpack (5.2.1) lib/action_controller/metal/basic_implicit_render.rb:6:in `tap'
actionpack (5.2.1) lib/action_controller/metal/basic_implicit_render.rb:6:in `send_action'
actionpack (5.2.1) lib/abstract_controller/base.rb:194:in `process_action'
actionpack (5.2.1) lib/action_controller/metal/rendering.rb:30:in `process_action'
actionpack (5.2.1) lib/abstract_controller/callbacks.rb:42:in `block in process_action'
activesupport (5.2.1) lib/active_support/callbacks.rb:132:in `run_callbacks'
actionpack (5.2.1) lib/abstract_controller/callbacks.rb:41:in `process_action'
actionpack (5.2.1) lib/action_controller/metal/rescue.rb:22:in `process_action'
actionpack (5.2.1) lib/action_controller/metal/instrumentation.rb:34:in `block in process_action'
activesupport (5.2.1) lib/active_support/notifications.rb:168:in `block in instrument'
activesupport (5.2.1) lib/active_support/notifications/instrumenter.rb:23:in `instrument'
activesupport (5.2.1) lib/active_support/notifications.rb:168:in `instrument'
actionpack (5.2.1) lib/action_controller/metal/instrumentation.rb:32:in `process_action'
actionpack (5.2.1) lib/action_controller/metal/params_wrapper.rb:256:in `process_action'
activerecord (5.2.1) lib/active_record/railties/controller_runtime.rb:24:in `process_action'
actionpack (5.2.1) lib/abstract_controller/base.rb:134:in `process'
actionview (5.2.1) lib/action_view/rendering.rb:32:in `process'
actionpack (5.2.1) lib/action_controller/metal.rb:191:in `dispatch'
actionpack (5.2.1) lib/action_controller/metal.rb:252:in `dispatch'
actionpack (5.2.1) lib/action_dispatch/routing/route_set.rb:52:in `dispatch'
actionpack (5.2.1) lib/action_dispatch/routing/route_set.rb:34:in `serve'
actionpack (5.2.1) lib/action_dispatch/journey/router.rb:52:in `block in serve'
actionpack (5.2.1) lib/action_dispatch/journey/router.rb:35:in `each'
actionpack (5.2.1) lib/action_dispatch/journey/router.rb:35:in `serve'
actionpack (5.2.1) lib/action_dispatch/routing/route_set.rb:840:in `call'
rack (2.0.5) lib/rack/tempfile_reaper.rb:15:in `call'
rack (2.0.5) lib/rack/etag.rb:25:in `call'
rack (2.0.5) lib/rack/conditional_get.rb:25:in `call'
rack (2.0.5) lib/rack/head.rb:12:in `call'
actionpack (5.2.1) lib/action_dispatch/http/content_security_policy.rb:18:in `call'
rack (2.0.5) lib/rack/session/abstract/id.rb:232:in `context'
rack (2.0.5) lib/rack/session/abstract/id.rb:226:in `call'
actionpack (5.2.1) lib/action_dispatch/middleware/cookies.rb:670:in `call'
activerecord (5.2.1) lib/active_record/migration.rb:559:in `call'
actionpack (5.2.1) lib/action_dispatch/middleware/callbacks.rb:28:in `block in call'
activesupport (5.2.1) lib/active_support/callbacks.rb:98:in `run_callbacks'
actionpack (5.2.1) lib/action_dispatch/middleware/callbacks.rb:26:in `call'
actionpack (5.2.1) lib/action_dispatch/middleware/executor.rb:14:in `call'
actionpack (5.2.1) lib/action_dispatch/middleware/debug_exceptions.rb:61:in `call'
web-console (3.7.0) lib/web_console/middleware.rb:135:in `call_app'
web-console (3.7.0) lib/web_console/middleware.rb:30:in `block in call'
web-console (3.7.0) lib/web_console/middleware.rb:20:in `catch'
web-console (3.7.0) lib/web_console/middleware.rb:20:in `call'
actionpack (5.2.1) lib/action_dispatch/middleware/show_exceptions.rb:33:in `call'
railties (5.2.1) lib/rails/rack/logger.rb:38:in `call_app'
railties (5.2.1) lib/rails/rack/logger.rb:26:in `block in call'
activesupport (5.2.1) lib/active_support/tagged_logging.rb:71:in `block in tagged'
activesupport (5.2.1) lib/active_support/tagged_logging.rb:28:in `tagged'
activesupport (5.2.1) lib/active_support/tagged_logging.rb:71:in `tagged'
railties (5.2.1) lib/rails/rack/logger.rb:26:in `call'
sprockets-rails (3.2.1) lib/sprockets/rails/quiet_assets.rb:13:in `call'
actionpack (5.2.1) lib/action_dispatch/middleware/remote_ip.rb:81:in `call'
actionpack (5.2.1) lib/action_dispatch/middleware/request_id.rb:27:in `call'
rack (2.0.5) lib/rack/method_override.rb:22:in `call'
rack (2.0.5) lib/rack/runtime.rb:22:in `call'
activesupport (5.2.1) lib/active_support/cache/strategy/local_cache_middleware.rb:29:in `call'
actionpack (5.2.1) lib/action_dispatch/middleware/executor.rb:14:in `call'
actionpack (5.2.1) lib/action_dispatch/middleware/static.rb:127:in `call'
rack (2.0.5) lib/rack/sendfile.rb:111:in `call'
railties (5.2.1) lib/rails/engine.rb:524:in `call'
puma (3.12.0) lib/puma/configuration.rb:225:in `call'
puma (3.12.0) lib/puma/server.rb:658:in `handle_request'
puma (3.12.0) lib/puma/server.rb:472:in `process_client'
puma (3.12.0) lib/puma/server.rb:332:in `block in run'
puma (3.12.0) lib/puma/thread_pool.rb:133:in `block in spawn_thread'
Started GET "/residence/create" for 127.0.0.1 at 2018-11-04 22:57:30 -0300
Processing by ResidenceController#show as HTML
  Parameters: {"id"=>"create"}
Completed 406 Not Acceptable in 148ms (ActiveRecord: 0.0ms)


  
ActionController::UnknownFormat (ResidenceController#show is missing a template for this request format and variant.

request.formats: ["text/html"]
request.variant: []

NOTE! For XHR/Ajax or API requests, this action would normally respond with 204 No Content: an empty white screen. Since you're loading it in a web browser, we assume that you expected to actually render a template, not nothing, so we're showing an error to be extra-clear. If you expect 204 No Content, carry on. That's what you'll get from an XHR or API request. Give it a shot.):
  
actionpack (5.2.1) lib/action_controller/metal/implicit_render.rb:55:in `default_render'
actionpack (5.2.1) lib/action_controller/metal/basic_implicit_render.rb:6:in `block in send_action'
actionpack (5.2.1) lib/action_controller/metal/basic_implicit_render.rb:6:in `tap'
actionpack (5.2.1) lib/action_controller/metal/basic_implicit_render.rb:6:in `send_action'
actionpack (5.2.1) lib/abstract_controller/base.rb:194:in `process_action'
actionpack (5.2.1) lib/action_controller/metal/rendering.rb:30:in `process_action'
actionpack (5.2.1) lib/abstract_controller/callbacks.rb:42:in `block in process_action'
activesupport (5.2.1) lib/active_support/callbacks.rb:132:in `run_callbacks'
actionpack (5.2.1) lib/abstract_controller/callbacks.rb:41:in `process_action'
actionpack (5.2.1) lib/action_controller/metal/rescue.rb:22:in `process_action'
actionpack (5.2.1) lib/action_controller/metal/instrumentation.rb:34:in `block in process_action'
activesupport (5.2.1) lib/active_support/notifications.rb:168:in `block in instrument'
activesupport (5.2.1) lib/active_support/notifications/instrumenter.rb:23:in `instrument'
activesupport (5.2.1) lib/active_support/notifications.rb:168:in `instrument'
actionpack (5.2.1) lib/action_controller/metal/instrumentation.rb:32:in `process_action'
actionpack (5.2.1) lib/action_controller/metal/params_wrapper.rb:256:in `process_action'
activerecord (5.2.1) lib/active_record/railties/controller_runtime.rb:24:in `process_action'
actionpack (5.2.1) lib/abstract_controller/base.rb:134:in `process'
actionview (5.2.1) lib/action_view/rendering.rb:32:in `process'
actionpack (5.2.1) lib/action_controller/metal.rb:191:in `dispatch'
actionpack (5.2.1) lib/action_controller/metal.rb:252:in `dispatch'
actionpack (5.2.1) lib/action_dispatch/routing/route_set.rb:52:in `dispatch'
actionpack (5.2.1) lib/action_dispatch/routing/route_set.rb:34:in `serve'
actionpack (5.2.1) lib/action_dispatch/journey/router.rb:52:in `block in serve'
actionpack (5.2.1) lib/action_dispatch/journey/router.rb:35:in `each'
actionpack (5.2.1) lib/action_dispatch/journey/router.rb:35:in `serve'
actionpack (5.2.1) lib/action_dispatch/routing/route_set.rb:840:in `call'
rack (2.0.5) lib/rack/tempfile_reaper.rb:15:in `call'
rack (2.0.5) lib/rack/etag.rb:25:in `call'
rack (2.0.5) lib/rack/conditional_get.rb:25:in `call'
rack (2.0.5) lib/rack/head.rb:12:in `call'
actionpack (5.2.1) lib/action_dispatch/http/content_security_policy.rb:18:in `call'
rack (2.0.5) lib/rack/session/abstract/id.rb:232:in `context'
rack (2.0.5) lib/rack/session/abstract/id.rb:226:in `call'
actionpack (5.2.1) lib/action_dispatch/middleware/cookies.rb:670:in `call'
activerecord (5.2.1) lib/active_record/migration.rb:559:in `call'
actionpack (5.2.1) lib/action_dispatch/middleware/callbacks.rb:28:in `block in call'
activesupport (5.2.1) lib/active_support/callbacks.rb:98:in `run_callbacks'
actionpack (5.2.1) lib/action_dispatch/middleware/callbacks.rb:26:in `call'
actionpack (5.2.1) lib/action_dispatch/middleware/executor.rb:14:in `call'
actionpack (5.2.1) lib/action_dispatch/middleware/debug_exceptions.rb:61:in `call'
web-console (3.7.0) lib/web_console/middleware.rb:135:in `call_app'
web-console (3.7.0) lib/web_console/middleware.rb:30:in `block in call'
web-console (3.7.0) lib/web_console/middleware.rb:20:in `catch'
web-console (3.7.0) lib/web_console/middleware.rb:20:in `call'
actionpack (5.2.1) lib/action_dispatch/middleware/show_exceptions.rb:33:in `call'
railties (5.2.1) lib/rails/rack/logger.rb:38:in `call_app'
railties (5.2.1) lib/rails/rack/logger.rb:26:in `block in call'
activesupport (5.2.1) lib/active_support/tagged_logging.rb:71:in `block in tagged'
activesupport (5.2.1) lib/active_support/tagged_logging.rb:28:in `tagged'
activesupport (5.2.1) lib/active_support/tagged_logging.rb:71:in `tagged'
railties (5.2.1) lib/rails/rack/logger.rb:26:in `call'
sprockets-rails (3.2.1) lib/sprockets/rails/quiet_assets.rb:13:in `call'
actionpack (5.2.1) lib/action_dispatch/middleware/remote_ip.rb:81:in `call'
actionpack (5.2.1) lib/action_dispatch/middleware/request_id.rb:27:in `call'
rack (2.0.5) lib/rack/method_override.rb:22:in `call'
rack (2.0.5) lib/rack/runtime.rb:22:in `call'
activesupport (5.2.1) lib/active_support/cache/strategy/local_cache_middleware.rb:29:in `call'
actionpack (5.2.1) lib/action_dispatch/middleware/executor.rb:14:in `call'
actionpack (5.2.1) lib/action_dispatch/middleware/static.rb:127:in `call'
rack (2.0.5) lib/rack/sendfile.rb:111:in `call'
railties (5.2.1) lib/rails/engine.rb:524:in `call'
puma (3.12.0) lib/puma/configuration.rb:225:in `call'
puma (3.12.0) lib/puma/server.rb:658:in `handle_request'
puma (3.12.0) lib/puma/server.rb:472:in `process_client'
puma (3.12.0) lib/puma/server.rb:332:in `block in run'
puma (3.12.0) lib/puma/thread_pool.rb:133:in `block in spawn_thread'
Started GET "/residence/create" for 127.0.0.1 at 2018-11-04 23:01:18 -0300
Processing by ResidenceController#show as HTML
  Parameters: {"id"=>"create"}
Completed 406 Not Acceptable in 127ms (ActiveRecord: 0.0ms)


  
ActionController::UnknownFormat (ResidenceController#show is missing a template for this request format and variant.

request.formats: ["text/html"]
request.variant: []

NOTE! For XHR/Ajax or API requests, this action would normally respond with 204 No Content: an empty white screen. Since you're loading it in a web browser, we assume that you expected to actually render a template, not nothing, so we're showing an error to be extra-clear. If you expect 204 No Content, carry on. That's what you'll get from an XHR or API request. Give it a shot.):
  
actionpack (5.2.1) lib/action_controller/metal/implicit_render.rb:55:in `default_render'
actionpack (5.2.1) lib/action_controller/metal/basic_implicit_render.rb:6:in `block in send_action'
actionpack (5.2.1) lib/action_controller/metal/basic_implicit_render.rb:6:in `tap'
actionpack (5.2.1) lib/action_controller/metal/basic_implicit_render.rb:6:in `send_action'
actionpack (5.2.1) lib/abstract_controller/base.rb:194:in `process_action'
actionpack (5.2.1) lib/action_controller/metal/rendering.rb:30:in `process_action'
actionpack (5.2.1) lib/abstract_controller/callbacks.rb:42:in `block in process_action'
activesupport (5.2.1) lib/active_support/callbacks.rb:132:in `run_callbacks'
actionpack (5.2.1) lib/abstract_controller/callbacks.rb:41:in `process_action'
actionpack (5.2.1) lib/action_controller/metal/rescue.rb:22:in `process_action'
actionpack (5.2.1) lib/action_controller/metal/instrumentation.rb:34:in `block in process_action'
activesupport (5.2.1) lib/active_support/notifications.rb:168:in `block in instrument'
activesupport (5.2.1) lib/active_support/notifications/instrumenter.rb:23:in `instrument'
activesupport (5.2.1) lib/active_support/notifications.rb:168:in `instrument'
actionpack (5.2.1) lib/action_controller/metal/instrumentation.rb:32:in `process_action'
actionpack (5.2.1) lib/action_controller/metal/params_wrapper.rb:256:in `process_action'
activerecord (5.2.1) lib/active_record/railties/controller_runtime.rb:24:in `process_action'
actionpack (5.2.1) lib/abstract_controller/base.rb:134:in `process'
actionview (5.2.1) lib/action_view/rendering.rb:32:in `process'
actionpack (5.2.1) lib/action_controller/metal.rb:191:in `dispatch'
actionpack (5.2.1) lib/action_controller/metal.rb:252:in `dispatch'
actionpack (5.2.1) lib/action_dispatch/routing/route_set.rb:52:in `dispatch'
actionpack (5.2.1) lib/action_dispatch/routing/route_set.rb:34:in `serve'
actionpack (5.2.1) lib/action_dispatch/journey/router.rb:52:in `block in serve'
actionpack (5.2.1) lib/action_dispatch/journey/router.rb:35:in `each'
actionpack (5.2.1) lib/action_dispatch/journey/router.rb:35:in `serve'
actionpack (5.2.1) lib/action_dispatch/routing/route_set.rb:840:in `call'
rack (2.0.5) lib/rack/tempfile_reaper.rb:15:in `call'
rack (2.0.5) lib/rack/etag.rb:25:in `call'
rack (2.0.5) lib/rack/conditional_get.rb:25:in `call'
rack (2.0.5) lib/rack/head.rb:12:in `call'
actionpack (5.2.1) lib/action_dispatch/http/content_security_policy.rb:18:in `call'
rack (2.0.5) lib/rack/session/abstract/id.rb:232:in `context'
rack (2.0.5) lib/rack/session/abstract/id.rb:226:in `call'
actionpack (5.2.1) lib/action_dispatch/middleware/cookies.rb:670:in `call'
activerecord (5.2.1) lib/active_record/migration.rb:559:in `call'
actionpack (5.2.1) lib/action_dispatch/middleware/callbacks.rb:28:in `block in call'
activesupport (5.2.1) lib/active_support/callbacks.rb:98:in `run_callbacks'
actionpack (5.2.1) lib/action_dispatch/middleware/callbacks.rb:26:in `call'
actionpack (5.2.1) lib/action_dispatch/middleware/executor.rb:14:in `call'
actionpack (5.2.1) lib/action_dispatch/middleware/debug_exceptions.rb:61:in `call'
web-console (3.7.0) lib/web_console/middleware.rb:135:in `call_app'
web-console (3.7.0) lib/web_console/middleware.rb:30:in `block in call'
web-console (3.7.0) lib/web_console/middleware.rb:20:in `catch'
web-console (3.7.0) lib/web_console/middleware.rb:20:in `call'
actionpack (5.2.1) lib/action_dispatch/middleware/show_exceptions.rb:33:in `call'
railties (5.2.1) lib/rails/rack/logger.rb:38:in `call_app'
railties (5.2.1) lib/rails/rack/logger.rb:26:in `block in call'
activesupport (5.2.1) lib/active_support/tagged_logging.rb:71:in `block in tagged'
activesupport (5.2.1) lib/active_support/tagged_logging.rb:28:in `tagged'
activesupport (5.2.1) lib/active_support/tagged_logging.rb:71:in `tagged'
railties (5.2.1) lib/rails/rack/logger.rb:26:in `call'
sprockets-rails (3.2.1) lib/sprockets/rails/quiet_assets.rb:13:in `call'
actionpack (5.2.1) lib/action_dispatch/middleware/remote_ip.rb:81:in `call'
actionpack (5.2.1) lib/action_dispatch/middleware/request_id.rb:27:in `call'
rack (2.0.5) lib/rack/method_override.rb:22:in `call'
rack (2.0.5) lib/rack/runtime.rb:22:in `call'
activesupport (5.2.1) lib/active_support/cache/strategy/local_cache_middleware.rb:29:in `call'
actionpack (5.2.1) lib/action_dispatch/middleware/executor.rb:14:in `call'
actionpack (5.2.1) lib/action_dispatch/middleware/static.rb:127:in `call'
rack (2.0.5) lib/rack/sendfile.rb:111:in `call'
railties (5.2.1) lib/rails/engine.rb:524:in `call'
puma (3.12.0) lib/puma/configuration.rb:225:in `call'
puma (3.12.0) lib/puma/server.rb:658:in `handle_request'
puma (3.12.0) lib/puma/server.rb:472:in `process_client'
puma (3.12.0) lib/puma/server.rb:332:in `block in run'
puma (3.12.0) lib/puma/thread_pool.rb:133:in `block in spawn_thread'
Started GET "/residence/create" for 127.0.0.1 at 2018-11-04 23:02:39 -0300
Processing by ResidenceController#show as HTML
  Parameters: {"id"=>"create"}
  Rendering residence/show.html.erb within layouts/application
  Rendered residence/show.html.erb within layouts/application (0.4ms)
Completed 200 OK in 524ms (Views: 520.1ms | ActiveRecord: 0.0ms)


Started GET "/residence/create" for 127.0.0.1 at 2018-11-04 23:02:52 -0300
Processing by ResidenceController#show as HTML
  Parameters: {"id"=>"create"}
  Rendering residence/show.html.erb within layouts/application
  Rendered residence/show.html.erb within layouts/application (0.6ms)
Completed 200 OK in 23ms (Views: 20.2ms | ActiveRecord: 0.0ms)


Started GET "/residence/create" for 127.0.0.1 at 2018-11-04 23:11:25 -0300
Processing by ResidenceController#show as HTML
  Parameters: {"id"=>"create"}
  Rendering residence/show.html.erb within layouts/application
  Rendered residence/show.html.erb within layouts/application (0.6ms)
Completed 200 OK in 25ms (Views: 22.3ms | ActiveRecord: 0.0ms)


Started GET "/residence/create" for 127.0.0.1 at 2018-11-04 23:12:23 -0300
Processing by ResidenceController#show as HTML
  Parameters: {"id"=>"create"}
  Rendering residence/show.html.erb within layouts/application
  Rendered residence/show.html.erb within layouts/application (1.4ms)
Completed 500 Internal Server Error in 15ms (ActiveRecord: 0.0ms)


  
SyntaxError (/Users/gali/Desktop/is/IngSoft/ecorp/app/views/residence/show.html.erb:17: syntax error, unexpected keyword_end
...eze;@output_buffer.append=( end );@output_buffer.safe_append...
...                            ^~~
/Users/gali/Desktop/is/IngSoft/ecorp/app/views/residence/show.html.erb:23: syntax error, unexpected keyword_ensure, expecting ')'
          ensure
          ^~~~~~
/Users/gali/Desktop/is/IngSoft/ecorp/app/views/residence/show.html.erb:25: syntax error, unexpected keyword_end, expecting ')'
          end
          ^~~):
  
app/views/residence/show.html.erb:17: syntax error, unexpected keyword_end
app/views/residence/show.html.erb:23: syntax error, unexpected keyword_ensure, expecting ')'
app/views/residence/show.html.erb:25: syntax error, unexpected keyword_end, expecting ')'
Started GET "/residence/create" for 127.0.0.1 at 2018-11-04 23:12:55 -0300
Processing by ResidenceController#show as HTML
  Parameters: {"id"=>"create"}
  Rendering residence/show.html.erb within layouts/application
  Rendered residence/show.html.erb within layouts/application (4.5ms)
Completed 500 Internal Server Error in 17ms (ActiveRecord: 0.0ms)


  
ActionView::Template::Error (undefined method `each' for nil:NilClass):
     9: 	</thead>
    10: 
    11: <tbody>
    12: 	<%= @residences.each do |r| %>
    13: 	<tr>
    14: 		<td><%= residence.name %></td>
    15: 		<td> </td>
  
app/views/residence/show.html.erb:12:in `_app_views_residence_show_html_erb___2809898772443546546_70092865021260'
Started GET "/residence/create" for 127.0.0.1 at 2018-11-04 23:13:07 -0300
Processing by ResidenceController#show as HTML
  Parameters: {"id"=>"create"}
  Rendering residence/show.html.erb within layouts/application
  Rendered residence/show.html.erb within layouts/application (4.2ms)
Completed 500 Internal Server Error in 14ms (ActiveRecord: 0.0ms)


  
ActionView::Template::Error (undefined method `each' for nil:NilClass):
     9: 	</thead>
    10: 
    11: <tbody>
    12: 	<%= @residences.each do |r| %>
    13: 	<tr>
    14: 		<td><%= r.name %></td>
    15: 		<td> </td>
  
app/views/residence/show.html.erb:12:in `_app_views_residence_show_html_erb___2809898772443546546_70092861899600'
Started GET "/residence/create" for 127.0.0.1 at 2018-11-04 23:13:20 -0300
Processing by ResidenceController#show as HTML
  Parameters: {"id"=>"create"}
  Rendering residence/show.html.erb within layouts/application
  Rendered residence/show.html.erb within layouts/application (5.3ms)
Completed 500 Internal Server Error in 21ms (ActiveRecord: 0.0ms)


  
ActionView::Template::Error (undefined method `each' for nil:NilClass):
     9: 	</thead>
    10: 
    11: <tbody>
    12: 	<%= @residences.each do |r| %>
    13: 	<tr>
    14: 		<td><%= residence.name %></td>
    15: 		<td> </td>
  
app/views/residence/show.html.erb:12:in `_app_views_residence_show_html_erb___2809898772443546546_70092865676860'
Started GET "/residence/create" for 127.0.0.1 at 2018-11-04 23:13:28 -0300
Processing by ResidenceController#show as HTML
  Parameters: {"id"=>"create"}
  Rendering residence/show.html.erb within layouts/application
  Rendered residence/show.html.erb within layouts/application (2.6ms)
Completed 500 Internal Server Error in 15ms (ActiveRecord: 0.0ms)


  
ActionView::Template::Error (undefined method `each' for nil:NilClass):
     9: 	</thead>
    10: 
    11: <tbody>
    12: 	<%= @residences.each do |residence| %>
    13: 	<tr>
    14: 		<td><%= residence.name %></td>
    15: 		<td> </td>
  
app/views/residence/show.html.erb:12:in `_app_views_residence_show_html_erb___2809898772443546546_70092905847740'
Started GET "/residence/create" for 127.0.0.1 at 2018-11-04 23:18:17 -0300
Processing by ResidenceController#show as HTML
  Parameters: {"id"=>"create"}
  Rendering residence/show.html.erb within layouts/application
  Rendered residence/show.html.erb within layouts/application (3.9ms)
Completed 500 Internal Server Error in 14ms (ActiveRecord: 0.0ms)


  
ActionView::Template::Error (undefined method `each' for nil:NilClass):
     9: 	</thead>
    10: 
    11: <tbody>
    12: 	<%= @residences.each do |residence| %>
    13: 	<tr>
    14: 		<td><%= residence.name %></td>
    15: 		<td> </td>
  
app/views/residence/show.html.erb:12:in `_app_views_residence_show_html_erb___2809898772443546546_70092865460780'
Started GET "/residence/create" for 127.0.0.1 at 2018-11-04 23:20:08 -0300
Processing by ResidenceController#show as HTML
  Parameters: {"id"=>"create"}
  Rendering residence/show.html.erb within layouts/application
  [1m[36mResidence Load (0.8ms)[0m  [1m[34mSELECT "residences".* FROM "residences"[0m
  ↳ app/views/residence/show.html.erb:12
  Rendered residence/show.html.erb within layouts/application (4.8ms)
Completed 200 OK in 39ms (Views: 34.3ms | ActiveRecord: 1.1ms)


Started GET "/residence/show" for 127.0.0.1 at 2018-11-04 23:20:48 -0300
Processing by ResidenceController#show as HTML
  Parameters: {"id"=>"show"}
  Rendering residence/show.html.erb within layouts/application
  [1m[36mResidence Load (1.0ms)[0m  [1m[34mSELECT "residences".* FROM "residences"[0m
  ↳ app/views/residence/show.html.erb:12
  Rendered residence/show.html.erb within layouts/application (2.9ms)
Completed 200 OK in 57ms (Views: 48.0ms | ActiveRecord: 1.0ms)


Started GET "/residence/show" for 127.0.0.1 at 2018-11-04 23:20:52 -0300
Processing by ResidenceController#show as HTML
  Parameters: {"id"=>"show"}
  Rendering residence/show.html.erb within layouts/application
  [1m[36mResidence Load (0.3ms)[0m  [1m[34mSELECT "residences".* FROM "residences"[0m
  ↳ app/views/residence/show.html.erb:12
  Rendered residence/show.html.erb within layouts/application (2.4ms)
Completed 200 OK in 49ms (Views: 46.1ms | ActiveRecord: 0.3ms)


Started GET "/residence/create" for 127.0.0.1 at 2018-11-04 23:21:00 -0300
Processing by ResidenceController#show as HTML
  Parameters: {"id"=>"create"}
  Rendering residence/show.html.erb within layouts/application
  [1m[36mResidence Load (0.2ms)[0m  [1m[34mSELECT "residences".* FROM "residences"[0m
  ↳ app/views/residence/show.html.erb:12
  Rendered residence/show.html.erb within layouts/application (1.0ms)
Completed 200 OK in 36ms (Views: 32.7ms | ActiveRecord: 0.2ms)


Started GET "/residence/" for 127.0.0.1 at 2018-11-04 23:21:11 -0300
  
AbstractController::ActionNotFound (The action 'index' could not be found for ResidenceController):
  
actionpack (5.2.1) lib/abstract_controller/base.rb:129:in `process'
actionview (5.2.1) lib/action_view/rendering.rb:32:in `process'
actionpack (5.2.1) lib/action_controller/metal.rb:191:in `dispatch'
actionpack (5.2.1) lib/action_controller/metal.rb:252:in `dispatch'
actionpack (5.2.1) lib/action_dispatch/routing/route_set.rb:52:in `dispatch'
actionpack (5.2.1) lib/action_dispatch/routing/route_set.rb:34:in `serve'
actionpack (5.2.1) lib/action_dispatch/journey/router.rb:52:in `block in serve'
actionpack (5.2.1) lib/action_dispatch/journey/router.rb:35:in `each'
actionpack (5.2.1) lib/action_dispatch/journey/router.rb:35:in `serve'
actionpack (5.2.1) lib/action_dispatch/routing/route_set.rb:840:in `call'
rack (2.0.5) lib/rack/tempfile_reaper.rb:15:in `call'
rack (2.0.5) lib/rack/etag.rb:25:in `call'
rack (2.0.5) lib/rack/conditional_get.rb:25:in `call'
rack (2.0.5) lib/rack/head.rb:12:in `call'
actionpack (5.2.1) lib/action_dispatch/http/content_security_policy.rb:18:in `call'
rack (2.0.5) lib/rack/session/abstract/id.rb:232:in `context'
rack (2.0.5) lib/rack/session/abstract/id.rb:226:in `call'
actionpack (5.2.1) lib/action_dispatch/middleware/cookies.rb:670:in `call'
activerecord (5.2.1) lib/active_record/migration.rb:559:in `call'
actionpack (5.2.1) lib/action_dispatch/middleware/callbacks.rb:28:in `block in call'
activesupport (5.2.1) lib/active_support/callbacks.rb:98:in `run_callbacks'
actionpack (5.2.1) lib/action_dispatch/middleware/callbacks.rb:26:in `call'
actionpack (5.2.1) lib/action_dispatch/middleware/executor.rb:14:in `call'
actionpack (5.2.1) lib/action_dispatch/middleware/debug_exceptions.rb:61:in `call'
web-console (3.7.0) lib/web_console/middleware.rb:135:in `call_app'
web-console (3.7.0) lib/web_console/middleware.rb:30:in `block in call'
web-console (3.7.0) lib/web_console/middleware.rb:20:in `catch'
web-console (3.7.0) lib/web_console/middleware.rb:20:in `call'
actionpack (5.2.1) lib/action_dispatch/middleware/show_exceptions.rb:33:in `call'
railties (5.2.1) lib/rails/rack/logger.rb:38:in `call_app'
railties (5.2.1) lib/rails/rack/logger.rb:26:in `block in call'
activesupport (5.2.1) lib/active_support/tagged_logging.rb:71:in `block in tagged'
activesupport (5.2.1) lib/active_support/tagged_logging.rb:28:in `tagged'
activesupport (5.2.1) lib/active_support/tagged_logging.rb:71:in `tagged'
railties (5.2.1) lib/rails/rack/logger.rb:26:in `call'
sprockets-rails (3.2.1) lib/sprockets/rails/quiet_assets.rb:13:in `call'
actionpack (5.2.1) lib/action_dispatch/middleware/remote_ip.rb:81:in `call'
actionpack (5.2.1) lib/action_dispatch/middleware/request_id.rb:27:in `call'
rack (2.0.5) lib/rack/method_override.rb:22:in `call'
rack (2.0.5) lib/rack/runtime.rb:22:in `call'
activesupport (5.2.1) lib/active_support/cache/strategy/local_cache_middleware.rb:29:in `call'
actionpack (5.2.1) lib/action_dispatch/middleware/executor.rb:14:in `call'
actionpack (5.2.1) lib/action_dispatch/middleware/static.rb:127:in `call'
rack (2.0.5) lib/rack/sendfile.rb:111:in `call'
railties (5.2.1) lib/rails/engine.rb:524:in `call'
puma (3.12.0) lib/puma/configuration.rb:225:in `call'
puma (3.12.0) lib/puma/server.rb:658:in `handle_request'
puma (3.12.0) lib/puma/server.rb:472:in `process_client'
puma (3.12.0) lib/puma/server.rb:332:in `block in run'
puma (3.12.0) lib/puma/thread_pool.rb:133:in `block in spawn_thread'
Started GET "/residence/create" for 127.0.0.1 at 2018-11-04 23:25:49 -0300
Processing by ResidenceController#show as HTML
  Parameters: {"id"=>"create"}
  Rendering residence/show.html.erb within layouts/application
  [1m[36mResidence Load (0.2ms)[0m  [1m[34mSELECT "residences".* FROM "residences"[0m
  ↳ app/views/residence/show.html.erb:13
  Rendered residence/show.html.erb within layouts/application (1.5ms)
Completed 200 OK in 56ms (Views: 41.4ms | ActiveRecord: 0.2ms)


Started GET "/residence/show" for 127.0.0.1 at 2018-11-04 23:25:54 -0300
Processing by ResidenceController#show as HTML
  Parameters: {"id"=>"show"}
  Rendering residence/show.html.erb within layouts/application
  [1m[36mResidence Load (1.4ms)[0m  [1m[34mSELECT "residences".* FROM "residences"[0m
  ↳ app/views/residence/show.html.erb:13
  Rendered residence/show.html.erb within layouts/application (3.0ms)
Completed 200 OK in 37ms (Views: 32.0ms | ActiveRecord: 1.4ms)


Started GET "/residence/show" for 127.0.0.1 at 2018-11-04 23:26:57 -0300
Processing by ResidenceController#show as HTML
  Parameters: {"id"=>"show"}
  Rendering residence/show.html.erb within layouts/application
  [1m[36mResidence Load (0.1ms)[0m  [1m[34mSELECT "residences".* FROM "residences"[0m
  ↳ app/views/residence/show.html.erb:13
  Rendered residence/show.html.erb within layouts/application (0.8ms)
Completed 200 OK in 24ms (Views: 20.3ms | ActiveRecord: 0.1ms)


Started GET "/residence/show" for 127.0.0.1 at 2018-11-04 23:27:29 -0300
Processing by ResidenceController#show as HTML
  Parameters: {"id"=>"show"}
  Rendering residence/show.html.erb within layouts/application
  [1m[36mResidence Load (0.3ms)[0m  [1m[34mSELECT "residences".* FROM "residences"[0m
  ↳ app/views/residence/show.html.erb:13
  Rendered residence/show.html.erb within layouts/application (3.4ms)
Completed 200 OK in 33ms (Views: 27.6ms | ActiveRecord: 1.1ms)


Started GET "/residence/create" for 127.0.0.1 at 2018-11-04 23:27:33 -0300
Processing by ResidenceController#show as HTML
  Parameters: {"id"=>"create"}
  Rendering residence/show.html.erb within layouts/application
  [1m[36mResidence Load (0.2ms)[0m  [1m[34mSELECT "residences".* FROM "residences"[0m
  ↳ app/views/residence/show.html.erb:13
  Rendered residence/show.html.erb within layouts/application (1.4ms)
Completed 200 OK in 41ms (Views: 36.1ms | ActiveRecord: 0.2ms)


Started GET "/residence/create" for 127.0.0.1 at 2018-11-04 23:27:34 -0300
Processing by ResidenceController#show as HTML
  Parameters: {"id"=>"create"}
  Rendering residence/show.html.erb within layouts/application
  [1m[36mResidence Load (0.1ms)[0m  [1m[34mSELECT "residences".* FROM "residences"[0m
  ↳ app/views/residence/show.html.erb:13
  Rendered residence/show.html.erb within layouts/application (1.1ms)
Completed 200 OK in 32ms (Views: 29.9ms | ActiveRecord: 0.1ms)


Started GET "/residence/create" for 127.0.0.1 at 2018-11-04 23:28:35 -0300
Processing by ResidenceController#show as HTML
  Parameters: {"id"=>"create"}
  Rendering residence/show.html.erb within layouts/application
  [1m[36mResidence Load (0.1ms)[0m  [1m[34mSELECT "residences".* FROM "residences"[0m
  ↳ app/views/residence/show.html.erb:13
  Rendered residence/show.html.erb within layouts/application (1.1ms)
Completed 200 OK in 29ms (Views: 25.6ms | ActiveRecord: 0.1ms)


Started GET "/residence/create" for 127.0.0.1 at 2018-11-04 23:28:54 -0300
Processing by ResidenceController#show as HTML
  Parameters: {"id"=>"create"}
  Rendering residence/show.html.erb within layouts/application
  [1m[36mResidence Load (0.2ms)[0m  [1m[34mSELECT "residences".* FROM "residences"[0m
  ↳ app/views/residence/show.html.erb:13
  Rendered residence/show.html.erb within layouts/application (0.9ms)
Completed 200 OK in 32ms (Views: 26.9ms | ActiveRecord: 0.2ms)


Started GET "/residence/create" for 127.0.0.1 at 2018-11-04 23:29:12 -0300
Processing by ResidenceController#show as HTML
  Parameters: {"id"=>"create"}
  Rendering residence/show.html.erb within layouts/application
  [1m[36mResidence Load (0.2ms)[0m  [1m[34mSELECT "residences".* FROM "residences"[0m
  ↳ app/views/residence/show.html.erb:13
  Rendered residence/show.html.erb within layouts/application (3.1ms)
Completed 200 OK in 27ms (Views: 24.5ms | ActiveRecord: 0.2ms)


Started GET "/residence/create" for 127.0.0.1 at 2018-11-04 23:29:13 -0300
Processing by ResidenceController#show as HTML
  Parameters: {"id"=>"create"}
  Rendering residence/show.html.erb within layouts/application
  [1m[36mResidence Load (0.3ms)[0m  [1m[34mSELECT "residences".* FROM "residences"[0m
  ↳ app/views/residence/show.html.erb:13
  Rendered residence/show.html.erb within layouts/application (1.7ms)
Completed 200 OK in 48ms (Views: 44.3ms | ActiveRecord: 0.3ms)


Started GET "/residence/show" for 127.0.0.1 at 2018-11-04 23:29:17 -0300
Processing by ResidenceController#show as HTML
  Parameters: {"id"=>"show"}
  Rendering residence/show.html.erb within layouts/application
  [1m[36mResidence Load (0.3ms)[0m  [1m[34mSELECT "residences".* FROM "residences"[0m
  ↳ app/views/residence/show.html.erb:13
  Rendered residence/show.html.erb within layouts/application (1.6ms)
Completed 200 OK in 42ms (Views: 36.7ms | ActiveRecord: 0.3ms)


Started GET "/residence/show" for 127.0.0.1 at 2018-11-04 23:29:55 -0300
Processing by ResidenceController#show as HTML
  Parameters: {"id"=>"show"}
  Rendering residence/show.html.erb within layouts/application
  [1m[36mResidence Load (0.2ms)[0m  [1m[34mSELECT "residences".* FROM "residences"[0m
  ↳ app/views/residence/show.html.erb:14
  Rendered residence/show.html.erb within layouts/application (2.8ms)
Completed 200 OK in 32ms (Views: 29.4ms | ActiveRecord: 0.2ms)


Started GET "/residence/create" for 127.0.0.1 at 2018-11-04 23:30:12 -0300
Processing by ResidenceController#show as HTML
  Parameters: {"id"=>"create"}
  Rendering residence/show.html.erb within layouts/application
  [1m[36mResidence Load (0.2ms)[0m  [1m[34mSELECT "residences".* FROM "residences"[0m
  ↳ app/views/residence/show.html.erb:14
  Rendered residence/show.html.erb within layouts/application (1.6ms)
Completed 200 OK in 53ms (Views: 48.8ms | ActiveRecord: 0.2ms)


Started GET "/residence/create" for 127.0.0.1 at 2018-11-04 23:31:44 -0300
Processing by ResidenceController#show as HTML
  Parameters: {"id"=>"create"}
  Rendering residence/show.html.erb within layouts/application
  [1m[36mResidence Load (0.2ms)[0m  [1m[34mSELECT "residences".* FROM "residences"[0m
  ↳ app/views/residence/show.html.erb:14
  Rendered residence/show.html.erb within layouts/application (2.6ms)
Completed 200 OK in 45ms (Views: 37.5ms | ActiveRecord: 0.8ms)


Started GET "/residence/show" for 127.0.0.1 at 2018-11-04 23:31:48 -0300
Processing by ResidenceController#show as HTML
  Parameters: {"id"=>"show"}
  Rendering residence/show.html.erb within layouts/application
  [1m[36mResidence Load (0.2ms)[0m  [1m[34mSELECT "residences".* FROM "residences"[0m
  ↳ app/views/residence/show.html.erb:14
  Rendered residence/show.html.erb within layouts/application (1.4ms)
Completed 200 OK in 36ms (Views: 33.2ms | ActiveRecord: 0.2ms)


Started GET "/residence/create" for 127.0.0.1 at 2018-11-04 23:31:51 -0300
Processing by ResidenceController#show as HTML
  Parameters: {"id"=>"create"}
  Rendering residence/show.html.erb within layouts/application
  [1m[36mResidence Load (0.1ms)[0m  [1m[34mSELECT "residences".* FROM "residences"[0m
  ↳ app/views/residence/show.html.erb:14
  Rendered residence/show.html.erb within layouts/application (0.9ms)
Completed 200 OK in 36ms (Views: 32.1ms | ActiveRecord: 0.1ms)


Started GET "/residence/show" for 127.0.0.1 at 2018-11-04 23:35:06 -0300
  [1m[35m (0.4ms)[0m  [1m[34mSELECT "schema_migrations"."version" FROM "schema_migrations" ORDER BY "schema_migrations"."version" ASC[0m
  ↳ /Users/gali/.rbenv/versions/2.5.1/lib/ruby/gems/2.5.0/gems/activerecord-5.2.1/lib/active_record/log_subscriber.rb:98
Processing by ResidenceController#show as HTML
  Parameters: {"id"=>"show"}
  Rendering residence/show.html.erb within layouts/application
  [1m[36mResidence Load (0.2ms)[0m  [1m[34mSELECT "residences".* FROM "residences"[0m
  ↳ app/views/residence/show.html.erb:14
  Rendered residence/show.html.erb within layouts/application (2.1ms)
Completed 200 OK in 239ms (Views: 224.1ms | ActiveRecord: 0.3ms)


Started GET "/residence/show" for 127.0.0.1 at 2018-11-04 23:35:27 -0300
Processing by ResidenceController#show as HTML
  Parameters: {"id"=>"show"}
  Rendering residence/show.html.erb within layouts/application
  [1m[36mResidence Load (0.2ms)[0m  [1m[34mSELECT "residences".* FROM "residences"[0m
  ↳ app/views/residence/show.html.erb:14
  Rendered residence/show.html.erb within layouts/application (0.9ms)
Completed 200 OK in 27ms (Views: 23.3ms | ActiveRecord: 0.2ms)


Started GET "/residence/create" for 127.0.0.1 at 2018-11-04 23:35:32 -0300
Processing by ResidenceController#show as HTML
  Parameters: {"id"=>"create"}
  Rendering residence/show.html.erb within layouts/application
  [1m[36mResidence Load (0.2ms)[0m  [1m[34mSELECT "residences".* FROM "residences"[0m
  ↳ app/views/residence/show.html.erb:14
  Rendered residence/show.html.erb within layouts/application (2.1ms)
Completed 200 OK in 46ms (Views: 42.1ms | ActiveRecord: 0.2ms)


Started GET "/residence/create" for 127.0.0.1 at 2018-11-04 23:38:33 -0300
  [1m[35m (0.5ms)[0m  [1m[34mSELECT "schema_migrations"."version" FROM "schema_migrations" ORDER BY "schema_migrations"."version" ASC[0m
  ↳ /Users/gali/.rbenv/versions/2.5.1/lib/ruby/gems/2.5.0/gems/activerecord-5.2.1/lib/active_record/log_subscriber.rb:98
  
ActionController::RoutingError (No route matches [GET] "/residence/create"):
  
actionpack (5.2.1) lib/action_dispatch/middleware/debug_exceptions.rb:65:in `call'
web-console (3.7.0) lib/web_console/middleware.rb:135:in `call_app'
web-console (3.7.0) lib/web_console/middleware.rb:30:in `block in call'
web-console (3.7.0) lib/web_console/middleware.rb:20:in `catch'
web-console (3.7.0) lib/web_console/middleware.rb:20:in `call'
actionpack (5.2.1) lib/action_dispatch/middleware/show_exceptions.rb:33:in `call'
railties (5.2.1) lib/rails/rack/logger.rb:38:in `call_app'
railties (5.2.1) lib/rails/rack/logger.rb:26:in `block in call'
activesupport (5.2.1) lib/active_support/tagged_logging.rb:71:in `block in tagged'
activesupport (5.2.1) lib/active_support/tagged_logging.rb:28:in `tagged'
activesupport (5.2.1) lib/active_support/tagged_logging.rb:71:in `tagged'
railties (5.2.1) lib/rails/rack/logger.rb:26:in `call'
sprockets-rails (3.2.1) lib/sprockets/rails/quiet_assets.rb:13:in `call'
actionpack (5.2.1) lib/action_dispatch/middleware/remote_ip.rb:81:in `call'
actionpack (5.2.1) lib/action_dispatch/middleware/request_id.rb:27:in `call'
rack (2.0.5) lib/rack/method_override.rb:22:in `call'
rack (2.0.5) lib/rack/runtime.rb:22:in `call'
activesupport (5.2.1) lib/active_support/cache/strategy/local_cache_middleware.rb:29:in `call'
actionpack (5.2.1) lib/action_dispatch/middleware/executor.rb:14:in `call'
actionpack (5.2.1) lib/action_dispatch/middleware/static.rb:127:in `call'
rack (2.0.5) lib/rack/sendfile.rb:111:in `call'
railties (5.2.1) lib/rails/engine.rb:524:in `call'
puma (3.12.0) lib/puma/configuration.rb:225:in `call'
puma (3.12.0) lib/puma/server.rb:658:in `handle_request'
puma (3.12.0) lib/puma/server.rb:472:in `process_client'
puma (3.12.0) lib/puma/server.rb:332:in `block in run'
puma (3.12.0) lib/puma/thread_pool.rb:133:in `block in spawn_thread'
Started GET "/residence/create" for 127.0.0.1 at 2018-11-04 23:38:44 -0300
Processing by ResidenceController#show as HTML
  Parameters: {"id"=>"create"}
  Rendering residence/show.html.erb within layouts/application
  [1m[36mResidence Load (0.6ms)[0m  [1m[34mSELECT "residences".* FROM "residences"[0m
  ↳ app/views/residence/show.html.erb:14
  Rendered residence/show.html.erb within layouts/application (3.1ms)
Completed 200 OK in 231ms (Views: 225.8ms | ActiveRecord: 0.9ms)


Started GET "/residence/create" for 127.0.0.1 at 2018-11-04 23:39:52 -0300
Processing by ResidenceController#show as HTML
  Parameters: {"id"=>"create"}
  Rendering residence/show.html.erb within layouts/application
  [1m[36mResidence Load (0.4ms)[0m  [1m[34mSELECT "residences".* FROM "residences"[0m
  ↳ app/views/residence/show.html.erb:14
  Rendered residence/show.html.erb within layouts/application (2.1ms)
Completed 200 OK in 35ms (Views: 29.2ms | ActiveRecord: 0.7ms)


Started GET "/residence/create" for 127.0.0.1 at 2018-11-04 23:39:53 -0300
Processing by ResidenceController#show as HTML
  Parameters: {"id"=>"create"}
  Rendering residence/show.html.erb within layouts/application
  [1m[36mResidence Load (0.3ms)[0m  [1m[34mSELECT "residences".* FROM "residences"[0m
  ↳ app/views/residence/show.html.erb:14
  Rendered residence/show.html.erb within layouts/application (1.3ms)
Completed 200 OK in 36ms (Views: 34.1ms | ActiveRecord: 0.3ms)


Started GET "/residence/create" for 127.0.0.1 at 2018-11-04 23:39:54 -0300
Processing by ResidenceController#show as HTML
  Parameters: {"id"=>"create"}
  Rendering residence/show.html.erb within layouts/application
  [1m[36mResidence Load (0.2ms)[0m  [1m[34mSELECT "residences".* FROM "residences"[0m
  ↳ app/views/residence/show.html.erb:14
  Rendered residence/show.html.erb within layouts/application (1.4ms)
Completed 200 OK in 36ms (Views: 32.5ms | ActiveRecord: 0.2ms)


Started GET "/residence/create" for 127.0.0.1 at 2018-11-04 23:39:54 -0300
Processing by ResidenceController#show as HTML
  Parameters: {"id"=>"create"}
  Rendering residence/show.html.erb within layouts/application
  [1m[36mResidence Load (0.2ms)[0m  [1m[34mSELECT "residences".* FROM "residences"[0m
  ↳ app/views/residence/show.html.erb:14
  Rendered residence/show.html.erb within layouts/application (1.9ms)
Completed 200 OK in 42ms (Views: 38.9ms | ActiveRecord: 0.2ms)


Started GET "/residence/show" for 127.0.0.1 at 2018-11-04 23:39:57 -0300
Processing by ResidenceController#show as HTML
  Parameters: {"id"=>"show"}
  Rendering residence/show.html.erb within layouts/application
  [1m[36mResidence Load (0.3ms)[0m  [1m[34mSELECT "residences".* FROM "residences"[0m
  ↳ app/views/residence/show.html.erb:14
  Rendered residence/show.html.erb within layouts/application (1.4ms)
Completed 200 OK in 42ms (Views: 38.9ms | ActiveRecord: 0.3ms)


Started GET "/residence/show" for 127.0.0.1 at 2018-11-04 23:40:59 -0300
  [1m[35m (0.8ms)[0m  [1m[34mSELECT "schema_migrations"."version" FROM "schema_migrations" ORDER BY "schema_migrations"."version" ASC[0m
  ↳ /Users/gali/.rbenv/versions/2.5.1/lib/ruby/gems/2.5.0/gems/activerecord-5.2.1/lib/active_record/log_subscriber.rb:98
Processing by ResidenceController#show as HTML
  Parameters: {"id"=>"show"}
  Rendering residence/show.html.erb within layouts/application
  [1m[36mResidence Load (0.4ms)[0m  [1m[34mSELECT "residences".* FROM "residences"[0m
  ↳ app/views/residence/show.html.erb:14
  Rendered residence/show.html.erb within layouts/application (3.1ms)
Completed 200 OK in 364ms (Views: 351.8ms | ActiveRecord: 0.7ms)


Started GET "/residence/create" for 127.0.0.1 at 2018-11-04 23:41:03 -0300
Processing by ResidenceController#show as HTML
  Parameters: {"id"=>"create"}
  Rendering residence/show.html.erb within layouts/application
  [1m[36mResidence Load (0.2ms)[0m  [1m[34mSELECT "residences".* FROM "residences"[0m
  ↳ app/views/residence/show.html.erb:14
  Rendered residence/show.html.erb within layouts/application (1.5ms)
Completed 200 OK in 37ms (Views: 31.7ms | ActiveRecord: 0.2ms)


Started GET "/" for 127.0.0.1 at 2018-11-04 23:41:40 -0300
Processing by Rails::WelcomeController#index as HTML
  Rendering /Users/gali/.rbenv/versions/2.5.1/lib/ruby/gems/2.5.0/gems/railties-5.2.1/lib/rails/templates/rails/welcome/index.html.erb
  Rendered /Users/gali/.rbenv/versions/2.5.1/lib/ruby/gems/2.5.0/gems/railties-5.2.1/lib/rails/templates/rails/welcome/index.html.erb (10.0ms)
Completed 200 OK in 33ms (Views: 27.1ms | ActiveRecord: 0.0ms)


Started GET "/residence/create" for 127.0.0.1 at 2018-11-04 23:41:46 -0300
Processing by ResidenceController#show as HTML
  Parameters: {"id"=>"create"}
  Rendering residence/show.html.erb within layouts/application
  [1m[36mResidence Load (0.2ms)[0m  [1m[34mSELECT "residences".* FROM "residences"[0m
  ↳ app/views/residence/show.html.erb:14
  Rendered residence/show.html.erb within layouts/application (4.6ms)
Completed 200 OK in 47ms (Views: 41.5ms | ActiveRecord: 0.2ms)


Started GET "/residence/create" for 127.0.0.1 at 2018-11-04 23:41:50 -0300
Processing by ResidenceController#show as HTML
  Parameters: {"id"=>"create"}
  Rendering residence/show.html.erb within layouts/application
  [1m[36mResidence Load (0.2ms)[0m  [1m[34mSELECT "residences".* FROM "residences"[0m
  ↳ app/views/residence/show.html.erb:14
  Rendered residence/show.html.erb within layouts/application (2.8ms)
Completed 200 OK in 42ms (Views: 38.5ms | ActiveRecord: 0.2ms)


Started GET "/residence/create" for 127.0.0.1 at 2018-11-04 23:42:19 -0300
Processing by ResidenceController#show as HTML
  Parameters: {"id"=>"create"}
  Rendering residence/show.html.erb within layouts/application
  Rendered residence/show.html.erb within layouts/application (0.2ms)
Completed 200 OK in 27ms (Views: 22.1ms | ActiveRecord: 0.0ms)


Started GET "/residence/create" for 127.0.0.1 at 2018-11-04 23:42:41 -0300
Processing by ResidenceController#show as HTML
  Parameters: {"id"=>"create"}
  Rendering residence/show.html.erb within layouts/application
  Rendered residence/show.html.erb within layouts/application (0.2ms)
Completed 200 OK in 34ms (Views: 29.9ms | ActiveRecord: 0.0ms)


Started GET "/residence/create" for 127.0.0.1 at 2018-11-04 23:42:49 -0300
Processing by ResidenceController#show as HTML
  Parameters: {"id"=>"create"}
  Rendering residence/show.html.erb within layouts/application
  [1m[36mResidence Load (0.2ms)[0m  [1m[34mSELECT "residences".* FROM "residences"[0m
  ↳ app/views/residence/show.html.erb:14
  Rendered residence/show.html.erb within layouts/application (2.8ms)
Completed 200 OK in 37ms (Views: 32.9ms | ActiveRecord: 0.6ms)


Started GET "/residence/show" for 127.0.0.1 at 2018-11-04 23:42:52 -0300
Processing by ResidenceController#show as HTML
  Parameters: {"id"=>"show"}
  Rendering residence/show.html.erb within layouts/application
  [1m[36mResidence Load (0.2ms)[0m  [1m[34mSELECT "residences".* FROM "residences"[0m
  ↳ app/views/residence/show.html.erb:14
  Rendered residence/show.html.erb within layouts/application (1.4ms)
Completed 200 OK in 32ms (Views: 25.5ms | ActiveRecord: 0.2ms)


Started GET "/residence/show" for 127.0.0.1 at 2018-11-04 23:42:54 -0300
Processing by ResidenceController#show as HTML
  Parameters: {"id"=>"show"}
  Rendering residence/show.html.erb within layouts/application
  [1m[36mResidence Load (0.2ms)[0m  [1m[34mSELECT "residences".* FROM "residences"[0m
  ↳ app/views/residence/show.html.erb:14
  Rendered residence/show.html.erb within layouts/application (1.3ms)
Completed 200 OK in 23ms (Views: 20.0ms | ActiveRecord: 0.2ms)


Started GET "/residence/show" for 127.0.0.1 at 2018-11-04 23:43:06 -0300
Processing by ResidenceController#show as HTML
  Parameters: {"id"=>"show"}
  Rendering residence/show.html.erb within layouts/application
  [1m[36mResidence Load (0.2ms)[0m  [1m[34mSELECT "residences".* FROM "residences"[0m
  ↳ app/views/residence/show.html.erb:14
  Rendered residence/show.html.erb within layouts/application (1.7ms)
Completed 200 OK in 26ms (Views: 17.4ms | ActiveRecord: 0.4ms)


Started GET "/residence/create" for 127.0.0.1 at 2018-11-04 23:43:12 -0300
Processing by ResidenceController#show as HTML
  Parameters: {"id"=>"create"}
  Rendering residence/show.html.erb within layouts/application
  [1m[36mResidence Load (0.2ms)[0m  [1m[34mSELECT "residences".* FROM "residences"[0m
  ↳ app/views/residence/show.html.erb:14
  Rendered residence/show.html.erb within layouts/application (1.6ms)
Completed 200 OK in 62ms (Views: 51.8ms | ActiveRecord: 0.2ms)


Started GET "/residence/create" for 127.0.0.1 at 2018-11-04 23:43:14 -0300
Processing by ResidenceController#show as HTML
  Parameters: {"id"=>"create"}
  Rendering residence/show.html.erb within layouts/application
  [1m[36mResidence Load (0.3ms)[0m  [1m[34mSELECT "residences".* FROM "residences"[0m
  ↳ app/views/residence/show.html.erb:14
  Rendered residence/show.html.erb within layouts/application (2.0ms)
Completed 200 OK in 30ms (Views: 27.8ms | ActiveRecord: 0.3ms)


Started GET "/residence/new" for 127.0.0.1 at 2018-11-04 23:48:32 -0300
Processing by ResidenceController#new as HTML
  Rendering residence/new.html.erb within layouts/application
  Rendered residence/new.html.erb within layouts/application (0.3ms)
Completed 200 OK in 49ms (Views: 32.0ms | ActiveRecord: 1.6ms)


Started GET "/residence/new" for 127.0.0.1 at 2018-11-04 23:51:00 -0300
  [1m[35m (0.4ms)[0m  [1m[34mSELECT "schema_migrations"."version" FROM "schema_migrations" ORDER BY "schema_migrations"."version" ASC[0m
  ↳ /Users/gali/.rbenv/versions/2.5.1/lib/ruby/gems/2.5.0/gems/activerecord-5.2.1/lib/active_record/log_subscriber.rb:98
Processing by ResidenceController#new as HTML
  Rendering residence/new.html.erb within layouts/application
  Rendered residence/new.html.erb within layouts/application (1.5ms)
Completed 200 OK in 307ms (Views: 290.2ms | ActiveRecord: 0.7ms)


Started GET "/residence/create" for 127.0.0.1 at 2018-11-04 23:51:03 -0300
Processing by ResidenceController#show as HTML
  Parameters: {"id"=>"create"}
  Rendering residence/show.html.erb within layouts/application
  [1m[36mResidence Load (0.2ms)[0m  [1m[34mSELECT "residences".* FROM "residences"[0m
  ↳ app/views/residence/show.html.erb:14
  Rendered residence/show.html.erb within layouts/application (1.5ms)
Completed 200 OK in 46ms (Views: 37.3ms | ActiveRecord: 0.2ms)


Started GET "/residence/show" for 127.0.0.1 at 2018-11-04 23:51:06 -0300
Processing by ResidenceController#show as HTML
  Parameters: {"id"=>"show"}
  Rendering residence/show.html.erb within layouts/application
  [1m[36mResidence Load (0.3ms)[0m  [1m[34mSELECT "residences".* FROM "residences"[0m
  ↳ app/views/residence/show.html.erb:14
  Rendered residence/show.html.erb within layouts/application (1.5ms)
Completed 200 OK in 37ms (Views: 33.8ms | ActiveRecord: 0.3ms)


