Started GET "/" for 127.0.0.1 at 2018-11-02 19:03:41 -0300
Processing by Rails::WelcomeController#index as HTML
  Rendering /Users/gali/.rbenv/versions/2.5.1/lib/ruby/gems/2.5.0/gems/railties-5.2.1/lib/rails/templates/rails/welcome/index.html.erb
  Rendered /Users/gali/.rbenv/versions/2.5.1/lib/ruby/gems/2.5.0/gems/railties-5.2.1/lib/rails/templates/rails/welcome/index.html.erb (7.4ms)
Completed 200 OK in 40ms (Views: 22.2ms | ActiveRecord: 0.0ms)


Started GET "/index" for 127.0.0.1 at 2018-11-02 19:03:49 -0300
  
ActionController::RoutingError (No route matches [GET] "/index"):
  
actionpack (5.2.1) lib/action_dispatch/middleware/debug_exceptions.rb:65:in `call'
web-console (3.7.0) lib/web_console/middleware.rb:135:in `call_app'
web-console (3.7.0) lib/web_console/middleware.rb:30:in `block in call'
web-console (3.7.0) lib/web_console/middleware.rb:20:in `catch'
web-console (3.7.0) lib/web_console/middleware.rb:20:in `call'
actionpack (5.2.1) lib/action_dispatch/middleware/show_exceptions.rb:33:in `call'
railties (5.2.1) lib/rails/rack/logger.rb:38:in `call_app'
railties (5.2.1) lib/rails/rack/logger.rb:26:in `block in call'
activesupport (5.2.1) lib/active_support/tagged_logging.rb:71:in `block in tagged'
activesupport (5.2.1) lib/active_support/tagged_logging.rb:28:in `tagged'
activesupport (5.2.1) lib/active_support/tagged_logging.rb:71:in `tagged'
railties (5.2.1) lib/rails/rack/logger.rb:26:in `call'
sprockets-rails (3.2.1) lib/sprockets/rails/quiet_assets.rb:13:in `call'
actionpack (5.2.1) lib/action_dispatch/middleware/remote_ip.rb:81:in `call'
actionpack (5.2.1) lib/action_dispatch/middleware/request_id.rb:27:in `call'
rack (2.0.5) lib/rack/method_override.rb:22:in `call'
rack (2.0.5) lib/rack/runtime.rb:22:in `call'
activesupport (5.2.1) lib/active_support/cache/strategy/local_cache_middleware.rb:29:in `call'
actionpack (5.2.1) lib/action_dispatch/middleware/executor.rb:14:in `call'
actionpack (5.2.1) lib/action_dispatch/middleware/static.rb:127:in `call'
rack (2.0.5) lib/rack/sendfile.rb:111:in `call'
railties (5.2.1) lib/rails/engine.rb:524:in `call'
puma (3.12.0) lib/puma/configuration.rb:225:in `call'
puma (3.12.0) lib/puma/server.rb:658:in `handle_request'
puma (3.12.0) lib/puma/server.rb:472:in `process_client'
puma (3.12.0) lib/puma/server.rb:332:in `block in run'
puma (3.12.0) lib/puma/thread_pool.rb:133:in `block in spawn_thread'
Started GET "/index" for 127.0.0.1 at 2018-11-02 19:08:18 -0300
  
ActionController::RoutingError (No route matches [GET] "/index"):
  
actionpack (5.2.1) lib/action_dispatch/middleware/debug_exceptions.rb:65:in `call'
web-console (3.7.0) lib/web_console/middleware.rb:135:in `call_app'
web-console (3.7.0) lib/web_console/middleware.rb:30:in `block in call'
web-console (3.7.0) lib/web_console/middleware.rb:20:in `catch'
web-console (3.7.0) lib/web_console/middleware.rb:20:in `call'
actionpack (5.2.1) lib/action_dispatch/middleware/show_exceptions.rb:33:in `call'
railties (5.2.1) lib/rails/rack/logger.rb:38:in `call_app'
railties (5.2.1) lib/rails/rack/logger.rb:26:in `block in call'
activesupport (5.2.1) lib/active_support/tagged_logging.rb:71:in `block in tagged'
activesupport (5.2.1) lib/active_support/tagged_logging.rb:28:in `tagged'
activesupport (5.2.1) lib/active_support/tagged_logging.rb:71:in `tagged'
railties (5.2.1) lib/rails/rack/logger.rb:26:in `call'
sprockets-rails (3.2.1) lib/sprockets/rails/quiet_assets.rb:13:in `call'
actionpack (5.2.1) lib/action_dispatch/middleware/remote_ip.rb:81:in `call'
actionpack (5.2.1) lib/action_dispatch/middleware/request_id.rb:27:in `call'
rack (2.0.5) lib/rack/method_override.rb:22:in `call'
rack (2.0.5) lib/rack/runtime.rb:22:in `call'
activesupport (5.2.1) lib/active_support/cache/strategy/local_cache_middleware.rb:29:in `call'
actionpack (5.2.1) lib/action_dispatch/middleware/executor.rb:14:in `call'
actionpack (5.2.1) lib/action_dispatch/middleware/static.rb:127:in `call'
rack (2.0.5) lib/rack/sendfile.rb:111:in `call'
railties (5.2.1) lib/rails/engine.rb:524:in `call'
puma (3.12.0) lib/puma/configuration.rb:225:in `call'
puma (3.12.0) lib/puma/server.rb:658:in `handle_request'
puma (3.12.0) lib/puma/server.rb:472:in `process_client'
puma (3.12.0) lib/puma/server.rb:332:in `block in run'
puma (3.12.0) lib/puma/thread_pool.rb:133:in `block in spawn_thread'
Started GET "/" for 127.0.0.1 at 2018-11-02 19:08:23 -0300
Processing by Rails::WelcomeController#index as HTML
  Rendering /Users/gali/.rbenv/versions/2.5.1/lib/ruby/gems/2.5.0/gems/railties-5.2.1/lib/rails/templates/rails/welcome/index.html.erb
  Rendered /Users/gali/.rbenv/versions/2.5.1/lib/ruby/gems/2.5.0/gems/railties-5.2.1/lib/rails/templates/rails/welcome/index.html.erb (2.1ms)
Completed 200 OK in 12ms (Views: 6.1ms | ActiveRecord: 0.0ms)


Started GET "/residencias" for 127.0.0.1 at 2018-11-02 19:08:27 -0300
  
ActionController::RoutingError (No route matches [GET] "/residencias"):
  
actionpack (5.2.1) lib/action_dispatch/middleware/debug_exceptions.rb:65:in `call'
web-console (3.7.0) lib/web_console/middleware.rb:135:in `call_app'
web-console (3.7.0) lib/web_console/middleware.rb:30:in `block in call'
web-console (3.7.0) lib/web_console/middleware.rb:20:in `catch'
web-console (3.7.0) lib/web_console/middleware.rb:20:in `call'
actionpack (5.2.1) lib/action_dispatch/middleware/show_exceptions.rb:33:in `call'
railties (5.2.1) lib/rails/rack/logger.rb:38:in `call_app'
railties (5.2.1) lib/rails/rack/logger.rb:26:in `block in call'
activesupport (5.2.1) lib/active_support/tagged_logging.rb:71:in `block in tagged'
activesupport (5.2.1) lib/active_support/tagged_logging.rb:28:in `tagged'
activesupport (5.2.1) lib/active_support/tagged_logging.rb:71:in `tagged'
railties (5.2.1) lib/rails/rack/logger.rb:26:in `call'
sprockets-rails (3.2.1) lib/sprockets/rails/quiet_assets.rb:13:in `call'
actionpack (5.2.1) lib/action_dispatch/middleware/remote_ip.rb:81:in `call'
actionpack (5.2.1) lib/action_dispatch/middleware/request_id.rb:27:in `call'
rack (2.0.5) lib/rack/method_override.rb:22:in `call'
rack (2.0.5) lib/rack/runtime.rb:22:in `call'
activesupport (5.2.1) lib/active_support/cache/strategy/local_cache_middleware.rb:29:in `call'
actionpack (5.2.1) lib/action_dispatch/middleware/executor.rb:14:in `call'
actionpack (5.2.1) lib/action_dispatch/middleware/static.rb:127:in `call'
rack (2.0.5) lib/rack/sendfile.rb:111:in `call'
railties (5.2.1) lib/rails/engine.rb:524:in `call'
puma (3.12.0) lib/puma/configuration.rb:225:in `call'
puma (3.12.0) lib/puma/server.rb:658:in `handle_request'
puma (3.12.0) lib/puma/server.rb:472:in `process_client'
puma (3.12.0) lib/puma/server.rb:332:in `block in run'
puma (3.12.0) lib/puma/thread_pool.rb:133:in `block in spawn_thread'
Started GET "/index" for 127.0.0.1 at 2018-11-02 19:08:35 -0300
  
ActionController::RoutingError (No route matches [GET] "/index"):
  
actionpack (5.2.1) lib/action_dispatch/middleware/debug_exceptions.rb:65:in `call'
web-console (3.7.0) lib/web_console/middleware.rb:135:in `call_app'
web-console (3.7.0) lib/web_console/middleware.rb:30:in `block in call'
web-console (3.7.0) lib/web_console/middleware.rb:20:in `catch'
web-console (3.7.0) lib/web_console/middleware.rb:20:in `call'
actionpack (5.2.1) lib/action_dispatch/middleware/show_exceptions.rb:33:in `call'
railties (5.2.1) lib/rails/rack/logger.rb:38:in `call_app'
railties (5.2.1) lib/rails/rack/logger.rb:26:in `block in call'
activesupport (5.2.1) lib/active_support/tagged_logging.rb:71:in `block in tagged'
activesupport (5.2.1) lib/active_support/tagged_logging.rb:28:in `tagged'
activesupport (5.2.1) lib/active_support/tagged_logging.rb:71:in `tagged'
railties (5.2.1) lib/rails/rack/logger.rb:26:in `call'
sprockets-rails (3.2.1) lib/sprockets/rails/quiet_assets.rb:13:in `call'
actionpack (5.2.1) lib/action_dispatch/middleware/remote_ip.rb:81:in `call'
actionpack (5.2.1) lib/action_dispatch/middleware/request_id.rb:27:in `call'
rack (2.0.5) lib/rack/method_override.rb:22:in `call'
rack (2.0.5) lib/rack/runtime.rb:22:in `call'
activesupport (5.2.1) lib/active_support/cache/strategy/local_cache_middleware.rb:29:in `call'
actionpack (5.2.1) lib/action_dispatch/middleware/executor.rb:14:in `call'
actionpack (5.2.1) lib/action_dispatch/middleware/static.rb:127:in `call'
rack (2.0.5) lib/rack/sendfile.rb:111:in `call'
railties (5.2.1) lib/rails/engine.rb:524:in `call'
puma (3.12.0) lib/puma/configuration.rb:225:in `call'
puma (3.12.0) lib/puma/server.rb:658:in `handle_request'
puma (3.12.0) lib/puma/server.rb:472:in `process_client'
puma (3.12.0) lib/puma/server.rb:332:in `block in run'
puma (3.12.0) lib/puma/thread_pool.rb:133:in `block in spawn_thread'
Started GET "/residencias/indez" for 127.0.0.1 at 2018-11-02 19:08:47 -0300
  
ActionController::RoutingError (No route matches [GET] "/residencias/indez"):
  
actionpack (5.2.1) lib/action_dispatch/middleware/debug_exceptions.rb:65:in `call'
web-console (3.7.0) lib/web_console/middleware.rb:135:in `call_app'
web-console (3.7.0) lib/web_console/middleware.rb:30:in `block in call'
web-console (3.7.0) lib/web_console/middleware.rb:20:in `catch'
web-console (3.7.0) lib/web_console/middleware.rb:20:in `call'
actionpack (5.2.1) lib/action_dispatch/middleware/show_exceptions.rb:33:in `call'
railties (5.2.1) lib/rails/rack/logger.rb:38:in `call_app'
railties (5.2.1) lib/rails/rack/logger.rb:26:in `block in call'
activesupport (5.2.1) lib/active_support/tagged_logging.rb:71:in `block in tagged'
activesupport (5.2.1) lib/active_support/tagged_logging.rb:28:in `tagged'
activesupport (5.2.1) lib/active_support/tagged_logging.rb:71:in `tagged'
railties (5.2.1) lib/rails/rack/logger.rb:26:in `call'
sprockets-rails (3.2.1) lib/sprockets/rails/quiet_assets.rb:13:in `call'
actionpack (5.2.1) lib/action_dispatch/middleware/remote_ip.rb:81:in `call'
actionpack (5.2.1) lib/action_dispatch/middleware/request_id.rb:27:in `call'
rack (2.0.5) lib/rack/method_override.rb:22:in `call'
rack (2.0.5) lib/rack/runtime.rb:22:in `call'
activesupport (5.2.1) lib/active_support/cache/strategy/local_cache_middleware.rb:29:in `call'
actionpack (5.2.1) lib/action_dispatch/middleware/executor.rb:14:in `call'
actionpack (5.2.1) lib/action_dispatch/middleware/static.rb:127:in `call'
rack (2.0.5) lib/rack/sendfile.rb:111:in `call'
railties (5.2.1) lib/rails/engine.rb:524:in `call'
puma (3.12.0) lib/puma/configuration.rb:225:in `call'
puma (3.12.0) lib/puma/server.rb:658:in `handle_request'
puma (3.12.0) lib/puma/server.rb:472:in `process_client'
puma (3.12.0) lib/puma/server.rb:332:in `block in run'
puma (3.12.0) lib/puma/thread_pool.rb:133:in `block in spawn_thread'
Started GET "/residencias/index" for 127.0.0.1 at 2018-11-02 19:08:50 -0300
Processing by ResidenciasController#index as HTML
  Rendering residencias/index.html.erb within layouts/application
  Rendered residencias/index.html.erb within layouts/application (7.4ms)
Completed 500 Internal Server Error in 16ms (ActiveRecord: 0.0ms)


  
ActionView::Template::Error (uninitialized constant ActionView::CompiledTemplates::Residencia):
     6: 		<th> Nombre </th>
     7: 	</tr>
     8: 
     9: 	<% residencias = Residencia.all %>
    10: 	<% residencias.each do |r| %>
    11: 		<tr>
    12: 			<td> <%= r.nombre %> </td>
  
app/views/residencias/index.html.erb:9:in `_app_views_residencias_index_html_erb__4524638165611668131_70271031301040'
Started GET "/residencias/index" for 127.0.0.1 at 2018-11-02 19:10:34 -0300
Processing by ResidenciasController#index as HTML
  Rendering residencias/index.html.erb within layouts/application
  Rendered residencias/index.html.erb within layouts/application (4.8ms)
Completed 500 Internal Server Error in 12ms (ActiveRecord: 0.0ms)


  
ActionView::Template::Error (uninitialized constant ActionView::CompiledTemplates::Residencias):
     6: 		<th> Nombre </th>
     7: 	</tr>
     8: 
     9: 	<% residencias = Residencias.all %>
    10: 	<% residencias.each do |r| %>
    11: 		<tr>
    12: 			<td> <%= r.nombre %> </td>
  
app/views/residencias/index.html.erb:9:in `_app_views_residencias_index_html_erb__4524638165611668131_70271030978100'
Started GET "/residencias/index" for 127.0.0.1 at 2018-11-02 19:10:43 -0300
Processing by ResidenciasController#index as HTML
  Rendering residencias/index.html.erb within layouts/application
  Rendered residencias/index.html.erb within layouts/application (185.9ms)
Completed 500 Internal Server Error in 195ms (ActiveRecord: 0.0ms)


  
ActionView::Template::Error (undefined local variable or method `residencia' for #<#<Class:0x00007fd27fb79f40>:0x00007fd2807322d8>
Did you mean?  residencias):
     6: 		<th> Nombre </th>
     7: 	</tr>
     8: 
     9: 	<% residencias = residencia.all %>
    10: 	<% residencias.each do |r| %>
    11: 		<tr>
    12: 			<td> <%= r.nombre %> </td>
  
app/views/residencias/index.html.erb:9:in `_app_views_residencias_index_html_erb__4524638165611668131_70271037445620'
Started GET "/residencias/index" for 127.0.0.1 at 2018-11-02 19:11:00 -0300
Processing by ResidenciasController#index as HTML
  Rendering residencias/index.html.erb within layouts/application
  Rendered residencias/index.html.erb within layouts/application (4.7ms)
Completed 500 Internal Server Error in 11ms (ActiveRecord: 0.0ms)


  
ActionView::Template::Error (uninitialized constant ActionView::CompiledTemplates::Residencia):
     6: 		<th> Nombre </th>
     7: 	</tr>
     8: 
     9: 	<% r = Residencia.all %>
    10: 	<% residencias.each do |r| %>
    11: 		<tr>
    12: 			<td> <%= r.nombre %> </td>
  
app/views/residencias/index.html.erb:9:in `_app_views_residencias_index_html_erb__4524638165611668131_70271036809680'
Started GET "/residencias/index" for 127.0.0.1 at 2018-11-02 19:13:42 -0300
Processing by ResidenciasController#index as HTML
  Rendering residencias/index.html.erb within layouts/application
  Rendered residencias/index.html.erb within layouts/application (239.0ms)
Completed 500 Internal Server Error in 247ms (ActiveRecord: 0.0ms)


  
ActionView::Template::Error (undefined local variable or method `residencias' for #<#<Class:0x00007fd280738e58>:0x00007fd280733048>
Did you mean?  residencias_index_url):
     7: 	</tr>
     8: 
     9: 	<% r = Residencia.all %>
    10: 	<% residencias.each do |r| %>
    11: 		<tr>
    12: 			<td> <%= r.nombre %> </td>
    13: 		</tr>
  
app/views/residencias/index.html.erb:10:in `_app_views_residencias_index_html_erb__4524638165611668131_70271037459600'
Started GET "/residencias/index" for 127.0.0.1 at 2018-11-02 19:14:21 -0300
Processing by ResidenciasController#index as HTML
  Rendering residencias/index.html.erb within layouts/application
  [1m[36mResidencia Load (0.6ms)[0m  [1m[34mSELECT "residencia".* FROM "residencia"[0m
  ↳ app/views/residencias/index.html.erb:10
  Rendered residencias/index.html.erb within layouts/application (3.9ms)
Completed 500 Internal Server Error in 11ms (ActiveRecord: 0.6ms)


  
ActionView::Template::Error (SQLite3::SQLException: no such table: residencia: SELECT "residencia".* FROM "residencia"):
     7: 	</tr>
     8: 
     9: 	<% residencias = Residencia.all %>
    10: 	<% residencias.each do |residencia| %>
    11: 		<tr>
    12: 			<td> <%= residencia.nombre %> </td>
    13: 		</tr>
  
app/views/residencias/index.html.erb:10:in `_app_views_residencias_index_html_erb__4524638165611668131_70271036830320'
